{"id":786740012910055424,"createdAt":"Oct 14, 2016 1:26:50 AM","source":"\u003ca href\u003d\"http://twitter.com/download/iphone\" rel\u003d\"nofollow\"\u003eTwitter for iPhone\u003c/a\u003e","favoriteCount":0,"retweetCount":0,"lang":"ko","userTimezone":"Santiago","hashTag":"뷔"}
{"id":786740012922474496,"createdAt":"Oct 14, 2016 1:26:50 AM","source":"\u003ca href\u003d\"http://twitter.com/download/iphone\" rel\u003d\"nofollow\"\u003eTwitter for iPhone\u003c/a\u003e","favoriteCount":0,"retweetCount":0,"lang":"ja","hashTag":"テクニック"}
{"id":786740012935020545,"createdAt":"Oct 14, 2016 1:26:50 AM","source":"\u003ca href\u003d\"http://twitter.com/download/iphone\" rel\u003d\"nofollow\"\u003eTwitter for iPhone\u003c/a\u003e","favoriteCount":0,"retweetCount":0,"lang":"th","userTimezone":"Tijuana","hashTag":"เรารักในหลวง"}
{"id":786740012922474496,"createdAt":"Oct 14, 2016 1:26:50 AM","source":"\u003ca href\u003d\"http://twitter.com/download/iphone\" rel\u003d\"nofollow\"\u003eTwitter for iPhone\u003c/a\u003e","favoriteCount":0,"retweetCount":0,"lang":"ja","hashTag":"自分磨き"}
{"id":786740012935110657,"createdAt":"Oct 14, 2016 1:26:50 AM","source":"\u003ca href\u003d\"http://twitter.com/download/android\" rel\u003d\"nofollow\"\u003eTwitter for Android\u003c/a\u003e","favoriteCount":0,"retweetCount":0,"lang":"en","userTimezone":"Kuala Lumpur","hashTag":"Thailand"}
{"id":786740012910018560,"createdAt":"Oct 14, 2016 1:26:50 AM","source":"\u003ca href\u003d\"http://twitter.com/download/iphone\" rel\u003d\"nofollow\"\u003eTwitter for iPhone\u003c/a\u003e","favoriteCount":0,"retweetCount":0,"lang":"pt","userTimezone":"Brasilia","hashTag":"TimeClaudia"}
{"id":786740012935110657,"createdAt":"Oct 14, 2016 1:26:50 AM","source":"\u003ca href\u003d\"http://twitter.com/download/android\" rel\u003d\"nofollow\"\u003eTwitter for Android\u003c/a\u003e","favoriteCount":0,"retweetCount":0,"lang":"en","userTimezone":"Kuala Lumpur","hashTag":"ThaiKing"}
{"id":786740012947759104,"createdAt":"Oct 14, 2016 1:26:50 AM","source":"\u003ca href\u003d\"http://twitter.com/download/iphone\" rel\u003d\"nofollow\"\u003eTwitter for iPhone\u003c/a\u003e","favoriteCount":0,"retweetCount":0,"lang":"en","userTimezone":"Central Time (US \u0026 Canada)","hashTag":"AllStars2"}
{"id":786740012922474496,"createdAt":"Oct 14, 2016 1:26:50 AM","source":"\u003ca href\u003d\"http://twitter.com/download/iphone\" rel\u003d\"nofollow\"\u003eTwitter for iPhone\u003c/a\u003e","favoriteCount":0,"retweetCount":0,"lang":"ja","hashTag":"悩み"}
{"id":786740012935110657,"createdAt":"Oct 14, 2016 1:26:50 AM","source":"\u003ca href\u003d\"http://twitter.com/download/android\" rel\u003d\"nofollow\"\u003eTwitter for Android\u003c/a\u003e","favoriteCount":0,"retweetCount":0,"lang":"en","userTimezone":"Kuala Lumpur","hashTag":"thailandmourns"}
{"id":786740012935020545,"createdAt":"Oct 14, 2016 1:26:50 AM","source":"\u003ca href\u003d\"http://twitter.com/download/iphone\" rel\u003d\"nofollow\"\u003eTwitter for iPhone\u003c/a\u003e","favoriteCount":0,"retweetCount":0,"lang":"th","userTimezone":"Tijuana","hashTag":"เรารักในหลวง"}
{"id":786740012935110657,"createdAt":"Oct 14, 2016 1:26:50 AM","source":"\u003ca href\u003d\"http://twitter.com/download/android\" rel\u003d\"nofollow\"\u003eTwitter for Android\u003c/a\u003e","favoriteCount":0,"retweetCount":0,"lang":"en","userTimezone":"Kuala Lumpur","hashTag":"thailandmourns"}
{"id":786740012935110657,"createdAt":"Oct 14, 2016 1:26:50 AM","source":"\u003ca href\u003d\"http://twitter.com/download/android\" rel\u003d\"nofollow\"\u003eTwitter for Android\u003c/a\u003e","favoriteCount":0,"retweetCount":0,"lang":"en","userTimezone":"Kuala Lumpur","hashTag":"Thailand"}
{"id":786740012935110657,"createdAt":"Oct 14, 2016 1:26:50 AM","source":"\u003ca href\u003d\"http://twitter.com/download/android\" rel\u003d\"nofollow\"\u003eTwitter for Android\u003c/a\u003e","favoriteCount":0,"retweetCount":0,"lang":"en","userTimezone":"Kuala Lumpur","hashTag":"ThaiKing"}
{"id":786740012910018560,"createdAt":"Oct 14, 2016 1:26:50 AM","source":"\u003ca href\u003d\"http://twitter.com/download/iphone\" rel\u003d\"nofollow\"\u003eTwitter for iPhone\u003c/a\u003e","favoriteCount":0,"retweetCount":0,"lang":"pt","userTimezone":"Brasilia","hashTag":"TimeClaudia"}
{"id":786740012910055424,"createdAt":"Oct 14, 2016 1:26:50 AM","source":"\u003ca href\u003d\"http://twitter.com/download/iphone\" rel\u003d\"nofollow\"\u003eTwitter for iPhone\u003c/a\u003e","favoriteCount":0,"retweetCount":0,"lang":"ko","userTimezone":"Santiago","hashTag":"뷔"}
{"id":786740012910055424,"createdAt":"Oct 14, 2016 1:26:50 AM","source":"\u003ca href\u003d\"http://twitter.com/download/iphone\" rel\u003d\"nofollow\"\u003eTwitter for iPhone\u003c/a\u003e","favoriteCount":0,"retweetCount":0,"lang":"ko","userTimezone":"Santiago","hashTag":"방탄소년단"}
{"id":786740012910055424,"createdAt":"Oct 14, 2016 1:26:50 AM","source":"\u003ca href\u003d\"http://twitter.com/download/iphone\" rel\u003d\"nofollow\"\u003eTwitter for iPhone\u003c/a\u003e","favoriteCount":0,"retweetCount":0,"lang":"ko","userTimezone":"Santiago","hashTag":"태형"}
{"id":786740012910055424,"createdAt":"Oct 14, 2016 1:26:50 AM","source":"\u003ca href\u003d\"http://twitter.com/download/iphone\" rel\u003d\"nofollow\"\u003eTwitter for iPhone\u003c/a\u003e","favoriteCount":0,"retweetCount":0,"lang":"ko","userTimezone":"Santiago","hashTag":"WINGS"}
{"id":786740012922474496,"createdAt":"Oct 14, 2016 1:26:50 AM","source":"\u003ca href\u003d\"http://twitter.com/download/iphone\" rel\u003d\"nofollow\"\u003eTwitter for iPhone\u003c/a\u003e","favoriteCount":0,"retweetCount":0,"lang":"ja","hashTag":"テクニック"}
{"id":786740012922474496,"createdAt":"Oct 14, 2016 1:26:50 AM","source":"\u003ca href\u003d\"http://twitter.com/download/iphone\" rel\u003d\"nofollow\"\u003eTwitter for iPhone\u003c/a\u003e","favoriteCount":0,"retweetCount":0,"lang":"ja","hashTag":"悩み"}
{"id":786740012922474496,"createdAt":"Oct 14, 2016 1:26:50 AM","source":"\u003ca href\u003d\"http://twitter.com/download/iphone\" rel\u003d\"nofollow\"\u003eTwitter for iPhone\u003c/a\u003e","favoriteCount":0,"retweetCount":0,"lang":"ja","hashTag":"自分磨き"}
{"id":786740017141985280,"createdAt":"Oct 14, 2016 1:26:51 AM","source":"\u003ca href\u003d\"http://instagram.com\" rel\u003d\"nofollow\"\u003eInstagram\u003c/a\u003e","favoriteCount":0,"retweetCount":0,"lang":"en","userTimezone":"Eastern Time (US \u0026 Canada)","hashTag":"tblightning"}
{"id":786740017141985280,"createdAt":"Oct 14, 2016 1:26:51 AM","source":"\u003ca href\u003d\"http://instagram.com\" rel\u003d\"nofollow\"\u003eInstagram\u003c/a\u003e","favoriteCount":0,"retweetCount":0,"lang":"en","userTimezone":"Eastern Time (US \u0026 Canada)","hashTag":"boltssocial"}
{"id":786740017112707077,"createdAt":"Oct 14, 2016 1:26:51 AM","source":"\u003ca href\u003d\"http://twitter.com/download/iphone\" rel\u003d\"nofollow\"\u003eTwitter for iPhone\u003c/a\u003e","favoriteCount":0,"retweetCount":0,"lang":"en","userTimezone":"Central Time (US \u0026 Canada)","hashTag":"np"}
{"id":786740017112707077,"createdAt":"Oct 14, 2016 1:26:51 AM","source":"\u003ca href\u003d\"http://twitter.com/download/iphone\" rel\u003d\"nofollow\"\u003eTwitter for iPhone\u003c/a\u003e","favoriteCount":0,"retweetCount":0,"lang":"en","userTimezone":"Central Time (US \u0026 Canada)","hashTag":"SoundCloud"}
{"id":786740017112707077,"createdAt":"Oct 14, 2016 1:26:51 AM","source":"\u003ca href\u003d\"http://twitter.com/download/iphone\" rel\u003d\"nofollow\"\u003eTwitter for iPhone\u003c/a\u003e","favoriteCount":0,"retweetCount":0,"lang":"en","userTimezone":"Central Time (US \u0026 Canada)","hashTag":"BillionBarBlits"}
{"id":786740017112707077,"createdAt":"Oct 14, 2016 1:26:51 AM","source":"\u003ca href\u003d\"http://twitter.com/download/iphone\" rel\u003d\"nofollow\"\u003eTwitter for iPhone\u003c/a\u003e","favoriteCount":0,"retweetCount":0,"lang":"en","userTimezone":"Central Time (US \u0026 Canada)","hashTag":"BillionBarBlits"}
{"id":786740017112707077,"createdAt":"Oct 14, 2016 1:26:51 AM","source":"\u003ca href\u003d\"http://twitter.com/download/iphone\" rel\u003d\"nofollow\"\u003eTwitter for iPhone\u003c/a\u003e","favoriteCount":0,"retweetCount":0,"lang":"en","userTimezone":"Central Time (US \u0026 Canada)","hashTag":"SoundCloud"}
{"id":786740017112707077,"createdAt":"Oct 14, 2016 1:26:51 AM","source":"\u003ca href\u003d\"http://twitter.com/download/iphone\" rel\u003d\"nofollow\"\u003eTwitter for iPhone\u003c/a\u003e","favoriteCount":0,"retweetCount":0,"lang":"en","userTimezone":"Central Time (US \u0026 Canada)","hashTag":"np"}
{"id":786740017141985280,"createdAt":"Oct 14, 2016 1:26:51 AM","source":"\u003ca href\u003d\"http://instagram.com\" rel\u003d\"nofollow\"\u003eInstagram\u003c/a\u003e","favoriteCount":0,"retweetCount":0,"lang":"en","userTimezone":"Eastern Time (US \u0026 Canada)","hashTag":"boltssocial"}
{"id":786740017141985280,"createdAt":"Oct 14, 2016 1:26:51 AM","source":"\u003ca href\u003d\"http://instagram.com\" rel\u003d\"nofollow\"\u003eInstagram\u003c/a\u003e","favoriteCount":0,"retweetCount":0,"lang":"en","userTimezone":"Eastern Time (US \u0026 Canada)","hashTag":"tblightning"}
{"id":786740017142108161,"createdAt":"Oct 14, 2016 1:26:51 AM","source":"\u003ca href\u003d\"http://twitter.com/download/android\" rel\u003d\"nofollow\"\u003eTwitter for Android\u003c/a\u003e","favoriteCount":0,"retweetCount":0,"lang":"en","hashTag":"Mpn"}
{"id":786740017142108161,"createdAt":"Oct 14, 2016 1:26:51 AM","source":"\u003ca href\u003d\"http://twitter.com/download/android\" rel\u003d\"nofollow\"\u003eTwitter for Android\u003c/a\u003e","favoriteCount":0,"retweetCount":0,"lang":"en","hashTag":"OneDirection"}
{"id":786740017142108161,"createdAt":"Oct 14, 2016 1:26:51 AM","source":"\u003ca href\u003d\"http://twitter.com/download/android\" rel\u003d\"nofollow\"\u003eTwitter for Android\u003c/a\u003e","favoriteCount":0,"retweetCount":0,"lang":"en","hashTag":"OneDirection"}
{"id":786740017142108161,"createdAt":"Oct 14, 2016 1:26:51 AM","source":"\u003ca href\u003d\"http://twitter.com/download/android\" rel\u003d\"nofollow\"\u003eTwitter for Android\u003c/a\u003e","favoriteCount":0,"retweetCount":0,"lang":"en","hashTag":"Mpn"}
{"id":786740021323792384,"createdAt":"Oct 14, 2016 1:26:52 AM","source":"\u003ca href\u003d\"http://twitter.com/download/iphone\" rel\u003d\"nofollow\"\u003eTwitter for iPhone\u003c/a\u003e","favoriteCount":0,"retweetCount":0,"lang":"en","userTimezone":"Santiago","hashTag":"AllStars2"}
{"id":786740021323792384,"createdAt":"Oct 14, 2016 1:26:52 AM","source":"\u003ca href\u003d\"http://twitter.com/download/iphone\" rel\u003d\"nofollow\"\u003eTwitter for iPhone\u003c/a\u003e","favoriteCount":0,"retweetCount":0,"lang":"en","userTimezone":"Santiago","hashTag":"AllStars2"}
{"id":786740025501310976,"createdAt":"Oct 14, 2016 1:26:53 AM","source":"\u003ca href\u003d\"http://ifttt.com\" rel\u003d\"nofollow\"\u003eIFTTT\u003c/a\u003e","favoriteCount":0,"retweetCount":0,"lang":"in","hashTag":"ptl"}
{"id":786740025513938944,"createdAt":"Oct 14, 2016 1:26:53 AM","source":"\u003ca href\u003d\"http://twitter.com/download/iphone\" rel\u003d\"nofollow\"\u003eTwitter for iPhone\u003c/a\u003e","favoriteCount":0,"retweetCount":0,"lang":"en","hashTag":"atplc"}
{"id":786740025501310976,"createdAt":"Oct 14, 2016 1:26:53 AM","source":"\u003ca href\u003d\"http://ifttt.com\" rel\u003d\"nofollow\"\u003eIFTTT\u003c/a\u003e","favoriteCount":0,"retweetCount":0,"lang":"in","hashTag":"ptl"}
{"id":786740025505570816,"createdAt":"Oct 14, 2016 1:26:53 AM","source":"\u003ca href\u003d\"http://twitter.com/download/iphone\" rel\u003d\"nofollow\"\u003eTwitter for iPhone\u003c/a\u003e","favoriteCount":0,"retweetCount":0,"lang":"en","hashTag":"TNF"}
{"id":786740025505570816,"createdAt":"Oct 14, 2016 1:26:53 AM","source":"\u003ca href\u003d\"http://twitter.com/download/iphone\" rel\u003d\"nofollow\"\u003eTwitter for iPhone\u003c/a\u003e","favoriteCount":0,"retweetCount":0,"lang":"en","hashTag":"TNF"}
{"id":786740025513938944,"createdAt":"Oct 14, 2016 1:26:53 AM","source":"\u003ca href\u003d\"http://twitter.com/download/iphone\" rel\u003d\"nofollow\"\u003eTwitter for iPhone\u003c/a\u003e","favoriteCount":0,"retweetCount":0,"lang":"en","hashTag":"atplc"}
{"id":786740025505394688,"createdAt":"Oct 14, 2016 1:26:53 AM","source":"\u003ca href\u003d\"http://twitter.com/download/android\" rel\u003d\"nofollow\"\u003eTwitter for Android\u003c/a\u003e","favoriteCount":0,"retweetCount":0,"lang":"en","userTimezone":"Pacific Time (US \u0026 Canada)","hashTag":"OneDirection"}
{"id":786740025505394688,"createdAt":"Oct 14, 2016 1:26:53 AM","source":"\u003ca href\u003d\"http://twitter.com/download/android\" rel\u003d\"nofollow\"\u003eTwitter for Android\u003c/a\u003e","favoriteCount":0,"retweetCount":0,"lang":"en","userTimezone":"Pacific Time (US \u0026 Canada)","hashTag":"MPN"}
{"id":786740025505394688,"createdAt":"Oct 14, 2016 1:26:53 AM","source":"\u003ca href\u003d\"http://twitter.com/download/android\" rel\u003d\"nofollow\"\u003eTwitter for Android\u003c/a\u003e","favoriteCount":0,"retweetCount":0,"lang":"en","userTimezone":"Pacific Time (US \u0026 Canada)","hashTag":"OneDirection"}
{"id":786740025505394688,"createdAt":"Oct 14, 2016 1:26:53 AM","source":"\u003ca href\u003d\"http://twitter.com/download/android\" rel\u003d\"nofollow\"\u003eTwitter for Android\u003c/a\u003e","favoriteCount":0,"retweetCount":0,"lang":"en","userTimezone":"Pacific Time (US \u0026 Canada)","hashTag":"MPN"}
{"id":786740029724975104,"createdAt":"Oct 14, 2016 1:26:54 AM","source":"\u003ca href\u003d\"http://twitter.com/download/android\" rel\u003d\"nofollow\"\u003eTwitter for Android\u003c/a\u003e","favoriteCount":0,"retweetCount":0,"lang":"pt","hashTag":"CasamentoBlindado"}
{"id":786740029708201984,"createdAt":"Oct 14, 2016 1:26:54 AM","source":"\u003ca href\u003d\"http://twitter.com/download/android\" rel\u003d\"nofollow\"\u003eTwitter for Android\u003c/a\u003e","favoriteCount":0,"retweetCount":0,"lang":"en","userTimezone":"Pacific Time (US \u0026 Canada)","hashTag":"MPN"}
{"id":786740029708201984,"createdAt":"Oct 14, 2016 1:26:54 AM","source":"\u003ca href\u003d\"http://twitter.com/download/android\" rel\u003d\"nofollow\"\u003eTwitter for Android\u003c/a\u003e","favoriteCount":0,"retweetCount":0,"lang":"en","userTimezone":"Pacific Time (US \u0026 Canada)","hashTag":"OneDirection"}
{"id":786740029724827648,"createdAt":"Oct 14, 2016 1:26:54 AM","source":"\u003ca href\u003d\"http://twitter.com/download/iphone\" rel\u003d\"nofollow\"\u003eTwitter for iPhone\u003c/a\u003e","favoriteCount":0,"retweetCount":0,"lang":"th","userTimezone":"Pacific Time (US \u0026 Canada)","hashTag":"ทรงพระเจริญ"}
{"id":786740029691428865,"createdAt":"Oct 14, 2016 1:26:54 AM","source":"\u003ca href\u003d\"http://twitter.com/download/android\" rel\u003d\"nofollow\"\u003eTwitter for Android\u003c/a\u003e","favoriteCount":0,"retweetCount":0,"lang":"pt","hashTag":"ALeiDoAmor"}
{"id":786740029724827648,"createdAt":"Oct 14, 2016 1:26:54 AM","source":"\u003ca href\u003d\"http://twitter.com/download/iphone\" rel\u003d\"nofollow\"\u003eTwitter for iPhone\u003c/a\u003e","favoriteCount":0,"retweetCount":0,"lang":"th","userTimezone":"Pacific Time (US \u0026 Canada)","hashTag":"LongLiveTheKing"}
{"id":786740029708201984,"createdAt":"Oct 14, 2016 1:26:54 AM","source":"\u003ca href\u003d\"http://twitter.com/download/android\" rel\u003d\"nofollow\"\u003eTwitter for Android\u003c/a\u003e","favoriteCount":0,"retweetCount":0,"lang":"en","userTimezone":"Pacific Time (US \u0026 Canada)","hashTag":"OneDirection"}
{"id":786740029708201984,"createdAt":"Oct 14, 2016 1:26:54 AM","source":"\u003ca href\u003d\"http://twitter.com/download/android\" rel\u003d\"nofollow\"\u003eTwitter for Android\u003c/a\u003e","favoriteCount":0,"retweetCount":0,"lang":"en","userTimezone":"Pacific Time (US \u0026 Canada)","hashTag":"MPN"}
{"id":786740029724975104,"createdAt":"Oct 14, 2016 1:26:54 AM","source":"\u003ca href\u003d\"http://twitter.com/download/android\" rel\u003d\"nofollow\"\u003eTwitter for Android\u003c/a\u003e","favoriteCount":0,"retweetCount":0,"lang":"pt","hashTag":"CasamentoBlindado"}
{"id":786740029699788800,"createdAt":"Oct 14, 2016 1:26:54 AM","source":"\u003ca href\u003d\"http://www.myplume.com/\" rel\u003d\"nofollow\"\u003ePlume for Android\u003c/a\u003e","favoriteCount":0,"retweetCount":0,"lang":"en","userTimezone":"Eastern Time (US \u0026 Canada)","hashTag":"RogueOne"}
{"id":786740029724979201,"createdAt":"Oct 14, 2016 1:26:54 AM","source":"\u003ca href\u003d\"http://twitter.com/download/android\" rel\u003d\"nofollow\"\u003eTwitter for Android\u003c/a\u003e","favoriteCount":0,"retweetCount":0,"lang":"pt","userTimezone":"Brasilia","hashTag":"ExNaMTV"}
{"id":786740029691428865,"createdAt":"Oct 14, 2016 1:26:54 AM","source":"\u003ca href\u003d\"http://twitter.com/download/android\" rel\u003d\"nofollow\"\u003eTwitter for Android\u003c/a\u003e","favoriteCount":0,"retweetCount":0,"lang":"pt","hashTag":"ALeiDoAmor"}
{"id":786740029724979201,"createdAt":"Oct 14, 2016 1:26:54 AM","source":"\u003ca href\u003d\"http://twitter.com/download/android\" rel\u003d\"nofollow\"\u003eTwitter for Android\u003c/a\u003e","favoriteCount":0,"retweetCount":0,"lang":"pt","userTimezone":"Brasilia","hashTag":"ExNaMTV"}
{"id":786740029724827648,"createdAt":"Oct 14, 2016 1:26:54 AM","source":"\u003ca href\u003d\"http://twitter.com/download/iphone\" rel\u003d\"nofollow\"\u003eTwitter for iPhone\u003c/a\u003e","favoriteCount":0,"retweetCount":0,"lang":"th","userTimezone":"Pacific Time (US \u0026 Canada)","hashTag":"LongLiveTheKing"}
{"id":786740029724827648,"createdAt":"Oct 14, 2016 1:26:54 AM","source":"\u003ca href\u003d\"http://twitter.com/download/iphone\" rel\u003d\"nofollow\"\u003eTwitter for iPhone\u003c/a\u003e","favoriteCount":0,"retweetCount":0,"lang":"th","userTimezone":"Pacific Time (US \u0026 Canada)","hashTag":"ทรงพระเจริญ"}
{"id":786740029699788800,"createdAt":"Oct 14, 2016 1:26:54 AM","source":"\u003ca href\u003d\"http://www.myplume.com/\" rel\u003d\"nofollow\"\u003ePlume for Android\u003c/a\u003e","favoriteCount":0,"retweetCount":0,"lang":"en","userTimezone":"Eastern Time (US \u0026 Canada)","hashTag":"RogueOne"}
{"id":786740029691310080,"createdAt":"Oct 14, 2016 1:26:54 AM","source":"\u003ca href\u003d\"http://twitter.com/download/android\" rel\u003d\"nofollow\"\u003eTwitter for Android\u003c/a\u003e","favoriteCount":0,"retweetCount":0,"lang":"ko","hashTag":"iKON"}
{"id":786740029691310080,"createdAt":"Oct 14, 2016 1:26:54 AM","source":"\u003ca href\u003d\"http://twitter.com/download/android\" rel\u003d\"nofollow\"\u003eTwitter for Android\u003c/a\u003e","favoriteCount":0,"retweetCount":0,"lang":"ko","hashTag":"hanbin"}
{"id":786740029691310080,"createdAt":"Oct 14, 2016 1:26:54 AM","source":"\u003ca href\u003d\"http://twitter.com/download/android\" rel\u003d\"nofollow\"\u003eTwitter for Android\u003c/a\u003e","favoriteCount":0,"retweetCount":0,"lang":"ko","hashTag":"아이콘"}
{"id":786740029691310080,"createdAt":"Oct 14, 2016 1:26:54 AM","source":"\u003ca href\u003d\"http://twitter.com/download/android\" rel\u003d\"nofollow\"\u003eTwitter for Android\u003c/a\u003e","favoriteCount":0,"retweetCount":0,"lang":"ko","hashTag":"비아이"}
{"id":786740029691310080,"createdAt":"Oct 14, 2016 1:26:54 AM","source":"\u003ca href\u003d\"http://twitter.com/download/android\" rel\u003d\"nofollow\"\u003eTwitter for Android\u003c/a\u003e","favoriteCount":0,"retweetCount":0,"lang":"ko","hashTag":"한빈"}
{"id":786740029691310080,"createdAt":"Oct 14, 2016 1:26:54 AM","source":"\u003ca href\u003d\"http://twitter.com/download/android\" rel\u003d\"nofollow\"\u003eTwitter for Android\u003c/a\u003e","favoriteCount":0,"retweetCount":0,"lang":"ko","hashTag":"iKON"}
{"id":786740029691310080,"createdAt":"Oct 14, 2016 1:26:54 AM","source":"\u003ca href\u003d\"http://twitter.com/download/android\" rel\u003d\"nofollow\"\u003eTwitter for Android\u003c/a\u003e","favoriteCount":0,"retweetCount":0,"lang":"ko","hashTag":"아이콘"}
{"id":786740029691310080,"createdAt":"Oct 14, 2016 1:26:54 AM","source":"\u003ca href\u003d\"http://twitter.com/download/android\" rel\u003d\"nofollow\"\u003eTwitter for Android\u003c/a\u003e","favoriteCount":0,"retweetCount":0,"lang":"ko","hashTag":"hanbin"}
{"id":786740029691310080,"createdAt":"Oct 14, 2016 1:26:54 AM","source":"\u003ca href\u003d\"http://twitter.com/download/android\" rel\u003d\"nofollow\"\u003eTwitter for Android\u003c/a\u003e","favoriteCount":0,"retweetCount":0,"lang":"ko","hashTag":"비아이"}
{"id":786740029691310080,"createdAt":"Oct 14, 2016 1:26:54 AM","source":"\u003ca href\u003d\"http://twitter.com/download/android\" rel\u003d\"nofollow\"\u003eTwitter for Android\u003c/a\u003e","favoriteCount":0,"retweetCount":0,"lang":"ko","hashTag":"한빈"}
{"id":786740029716561920,"createdAt":"Oct 14, 2016 1:26:54 AM","source":"\u003ca href\u003d\"http://twitter.com/download/iphone\" rel\u003d\"nofollow\"\u003eTwitter for iPhone\u003c/a\u003e","favoriteCount":0,"retweetCount":0,"lang":"en","userTimezone":"Eastern Time (US \u0026 Canada)","hashTag":"FFTGradio"}
{"id":786740029716561920,"createdAt":"Oct 14, 2016 1:26:54 AM","source":"\u003ca href\u003d\"http://twitter.com/download/iphone\" rel\u003d\"nofollow\"\u003eTwitter for iPhone\u003c/a\u003e","favoriteCount":0,"retweetCount":0,"lang":"en","userTimezone":"Eastern Time (US \u0026 Canada)","hashTag":"FFTGradio"}
{"id":786740033910927361,"createdAt":"Oct 14, 2016 1:26:55 AM","source":"\u003ca href\u003d\"http://twitter.com/download/android\" rel\u003d\"nofollow\"\u003eTwitter for Android\u003c/a\u003e","favoriteCount":0,"retweetCount":0,"lang":"es","userTimezone":"Pacific Time (US \u0026 Canada)","hashTag":"KCAFRAUDE"}
{"id":786740033885700096,"createdAt":"Oct 14, 2016 1:26:55 AM","source":"\u003ca href\u003d\"http://domday.add-moretwitterfollower.xyz\" rel\u003d\"nofollow\"\u003eZarwoog Patelg Residential\u003c/a\u003e","favoriteCount":0,"retweetCount":0,"lang":"en","hashTag":"AlbertKelly"}
{"id":786740033885700096,"createdAt":"Oct 14, 2016 1:26:55 AM","source":"\u003ca href\u003d\"http://domday.add-moretwitterfollower.xyz\" rel\u003d\"nofollow\"\u003eZarwoog Patelg Residential\u003c/a\u003e","favoriteCount":0,"retweetCount":0,"lang":"en","hashTag":"TwilightSon"}
{"id":786740033885700096,"createdAt":"Oct 14, 2016 1:26:55 AM","source":"\u003ca href\u003d\"http://domday.add-moretwitterfollower.xyz\" rel\u003d\"nofollow\"\u003eZarwoog Patelg Residential\u003c/a\u003e","favoriteCount":0,"retweetCount":0,"lang":"en","hashTag":"TwilightSon"}
{"id":786740033885700096,"createdAt":"Oct 14, 2016 1:26:55 AM","source":"\u003ca href\u003d\"http://domday.add-moretwitterfollower.xyz\" rel\u003d\"nofollow\"\u003eZarwoog Patelg Residential\u003c/a\u003e","favoriteCount":0,"retweetCount":0,"lang":"en","hashTag":"JacobWetterling"}
{"id":786740033885700096,"createdAt":"Oct 14, 2016 1:26:55 AM","source":"\u003ca href\u003d\"http://domday.add-moretwitterfollower.xyz\" rel\u003d\"nofollow\"\u003eZarwoog Patelg Residential\u003c/a\u003e","favoriteCount":0,"retweetCount":0,"lang":"en","hashTag":"followback"}
{"id":786740033910927361,"createdAt":"Oct 14, 2016 1:26:55 AM","source":"\u003ca href\u003d\"http://twitter.com/download/android\" rel\u003d\"nofollow\"\u003eTwitter for Android\u003c/a\u003e","favoriteCount":0,"retweetCount":0,"lang":"es","userTimezone":"Pacific Time (US \u0026 Canada)","hashTag":"KCAFRAUDE"}
{"id":786740033885700096,"createdAt":"Oct 14, 2016 1:26:55 AM","source":"\u003ca href\u003d\"http://domday.add-moretwitterfollower.xyz\" rel\u003d\"nofollow\"\u003eZarwoog Patelg Residential\u003c/a\u003e","favoriteCount":0,"retweetCount":0,"lang":"en","hashTag":"AlbertKelly"}
{"id":786740033906540544,"createdAt":"Oct 14, 2016 1:26:55 AM","source":"\u003ca href\u003d\"http://twitter.com\" rel\u003d\"nofollow\"\u003eTwitter Web Client\u003c/a\u003e","favoriteCount":0,"retweetCount":0,"lang":"en","hashTag":"TrumpDrSeuss"}
{"id":786740033885700096,"createdAt":"Oct 14, 2016 1:26:55 AM","source":"\u003ca href\u003d\"http://domday.add-moretwitterfollower.xyz\" rel\u003d\"nofollow\"\u003eZarwoog Patelg Residential\u003c/a\u003e","favoriteCount":0,"retweetCount":0,"lang":"en","hashTag":"TwilightSon"}
{"id":786740033885700096,"createdAt":"Oct 14, 2016 1:26:55 AM","source":"\u003ca href\u003d\"http://domday.add-moretwitterfollower.xyz\" rel\u003d\"nofollow\"\u003eZarwoog Patelg Residential\u003c/a\u003e","favoriteCount":0,"retweetCount":0,"lang":"en","hashTag":"TwilightSon"}
{"id":786740033885700096,"createdAt":"Oct 14, 2016 1:26:55 AM","source":"\u003ca href\u003d\"http://domday.add-moretwitterfollower.xyz\" rel\u003d\"nofollow\"\u003eZarwoog Patelg Residential\u003c/a\u003e","favoriteCount":0,"retweetCount":0,"lang":"en","hashTag":"JacobWetterling"}
{"id":786740033885700096,"createdAt":"Oct 14, 2016 1:26:55 AM","source":"\u003ca href\u003d\"http://domday.add-moretwitterfollower.xyz\" rel\u003d\"nofollow\"\u003eZarwoog Patelg Residential\u003c/a\u003e","favoriteCount":0,"retweetCount":0,"lang":"en","hashTag":"followback"}
{"id":786740033919315968,"createdAt":"Oct 14, 2016 1:26:55 AM","source":"\u003ca href\u003d\"http://twitter.com/download/android\" rel\u003d\"nofollow\"\u003eTwitter for Android\u003c/a\u003e","favoriteCount":0,"retweetCount":0,"lang":"en","hashTag":"Supernatural"}
{"id":786740033919315968,"createdAt":"Oct 14, 2016 1:26:55 AM","source":"\u003ca href\u003d\"http://twitter.com/download/android\" rel\u003d\"nofollow\"\u003eTwitter for Android\u003c/a\u003e","favoriteCount":0,"retweetCount":0,"lang":"en","hashTag":"Supernatural"}
{"id":786740033906540544,"createdAt":"Oct 14, 2016 1:26:55 AM","source":"\u003ca href\u003d\"http://twitter.com\" rel\u003d\"nofollow\"\u003eTwitter Web Client\u003c/a\u003e","favoriteCount":0,"retweetCount":0,"lang":"en","hashTag":"TrumpDrSeuss"}
{"id":786740038105038848,"createdAt":"Oct 14, 2016 1:26:56 AM","source":"\u003ca href\u003d\"http://twitter.com\" rel\u003d\"nofollow\"\u003eTwitter Web Client\u003c/a\u003e","favoriteCount":0,"retweetCount":0,"lang":"en","hashTag":"TEAMKATYA"}
{"id":786740038105038848,"createdAt":"Oct 14, 2016 1:26:56 AM","source":"\u003ca href\u003d\"http://twitter.com\" rel\u003d\"nofollow\"\u003eTwitter Web Client\u003c/a\u003e","favoriteCount":0,"retweetCount":0,"lang":"en","hashTag":"KATYA"}
{"id":786740038113513472,"createdAt":"Oct 14, 2016 1:26:56 AM","source":"\u003ca href\u003d\"http://twitter.com/download/android\" rel\u003d\"nofollow\"\u003eTwitter for Android\u003c/a\u003e","favoriteCount":0,"retweetCount":0,"lang":"tl","hashTag":"ALDUBAbangan"}
{"id":786740038084202496,"createdAt":"Oct 14, 2016 1:26:56 AM","source":"\u003ca href\u003d\"http://twitter.com\" rel\u003d\"nofollow\"\u003eTwitter Web Client\u003c/a\u003e","favoriteCount":0,"retweetCount":0,"lang":"pt","userTimezone":"Pacific Time (US \u0026 Canada)","hashTag":"SofiaOliveira"}
{"id":786740038084202496,"createdAt":"Oct 14, 2016 1:26:56 AM","source":"\u003ca href\u003d\"http://twitter.com\" rel\u003d\"nofollow\"\u003eTwitter Web Client\u003c/a\u003e","favoriteCount":0,"retweetCount":0,"lang":"pt","userTimezone":"Pacific Time (US \u0026 Canada)","hashTag":"MPN"}
{"id":786740038105116672,"createdAt":"Oct 14, 2016 1:26:56 AM","source":"\u003ca href\u003d\"http://twitter.com/download/android\" rel\u003d\"nofollow\"\u003eTwitter for Android\u003c/a\u003e","favoriteCount":0,"retweetCount":0,"lang":"th","userTimezone":"Novosibirsk","hashTag":"ขอเป็นข้ารองพระบาททุกชาติไป"}
{"id":786740038088491008,"createdAt":"Oct 14, 2016 1:26:56 AM","source":"\u003ca href\u003d\"http://twitter.com\" rel\u003d\"nofollow\"\u003eTwitter Web Client\u003c/a\u003e","favoriteCount":0,"retweetCount":0,"lang":"ar","hashTag":"الصرخي"}
{"id":786740038105038848,"createdAt":"Oct 14, 2016 1:26:56 AM","source":"\u003ca href\u003d\"http://twitter.com\" rel\u003d\"nofollow\"\u003eTwitter Web Client\u003c/a\u003e","favoriteCount":0,"retweetCount":0,"lang":"en","hashTag":"KATYA"}
{"id":786740038105038848,"createdAt":"Oct 14, 2016 1:26:56 AM","source":"\u003ca href\u003d\"http://twitter.com\" rel\u003d\"nofollow\"\u003eTwitter Web Client\u003c/a\u003e","favoriteCount":0,"retweetCount":0,"lang":"en","hashTag":"TEAMKATYA"}
{"id":786740038109241344,"createdAt":"Oct 14, 2016 1:26:56 AM","source":"\u003ca href\u003d\"http://www.twitter.com\" rel\u003d\"nofollow\"\u003eTwitter for Windows\u003c/a\u003e","favoriteCount":0,"retweetCount":0,"lang":"en","hashTag":"Supergirl"}
{"id":786740038113513472,"createdAt":"Oct 14, 2016 1:26:56 AM","source":"\u003ca href\u003d\"http://twitter.com/download/android\" rel\u003d\"nofollow\"\u003eTwitter for Android\u003c/a\u003e","favoriteCount":0,"retweetCount":0,"lang":"tl","hashTag":"ALDUBAbangan"}
{"id":786740038084202496,"createdAt":"Oct 14, 2016 1:26:56 AM","source":"\u003ca href\u003d\"http://twitter.com\" rel\u003d\"nofollow\"\u003eTwitter Web Client\u003c/a\u003e","favoriteCount":0,"retweetCount":0,"lang":"pt","userTimezone":"Pacific Time (US \u0026 Canada)","hashTag":"MPN"}
{"id":786740038088491008,"createdAt":"Oct 14, 2016 1:26:56 AM","source":"\u003ca href\u003d\"http://twitter.com\" rel\u003d\"nofollow\"\u003eTwitter Web Client\u003c/a\u003e","favoriteCount":0,"retweetCount":0,"lang":"ar","hashTag":"الصرخي"}
{"id":786740038084202496,"createdAt":"Oct 14, 2016 1:26:56 AM","source":"\u003ca href\u003d\"http://twitter.com\" rel\u003d\"nofollow\"\u003eTwitter Web Client\u003c/a\u003e","favoriteCount":0,"retweetCount":0,"lang":"pt","userTimezone":"Pacific Time (US \u0026 Canada)","hashTag":"SofiaOliveira"}
{"id":786740038101065728,"createdAt":"Oct 14, 2016 1:26:56 AM","source":"\u003ca href\u003d\"http://twitter.com\" rel\u003d\"nofollow\"\u003eTwitter Web Client\u003c/a\u003e","favoriteCount":0,"retweetCount":0,"lang":"en","hashTag":"BOHO"}
{"id":786740038101065728,"createdAt":"Oct 14, 2016 1:26:56 AM","source":"\u003ca href\u003d\"http://twitter.com\" rel\u003d\"nofollow\"\u003eTwitter Web Client\u003c/a\u003e","favoriteCount":0,"retweetCount":0,"lang":"en","hashTag":"Turquoise"}
{"id":786740038101065728,"createdAt":"Oct 14, 2016 1:26:56 AM","source":"\u003ca href\u003d\"http://twitter.com\" rel\u003d\"nofollow\"\u003eTwitter Web Client\u003c/a\u003e","favoriteCount":0,"retweetCount":0,"lang":"en","hashTag":"Bohemian"}
{"id":786740038101065728,"createdAt":"Oct 14, 2016 1:26:56 AM","source":"\u003ca href\u003d\"http://twitter.com\" rel\u003d\"nofollow\"\u003eTwitter Web Client\u003c/a\u003e","favoriteCount":0,"retweetCount":0,"lang":"en","hashTag":"bracelet"}
{"id":786740038101065728,"createdAt":"Oct 14, 2016 1:26:56 AM","source":"\u003ca href\u003d\"http://twitter.com\" rel\u003d\"nofollow\"\u003eTwitter Web Client\u003c/a\u003e","favoriteCount":0,"retweetCount":0,"lang":"en","hashTag":"Jewelry"}
{"id":786740038101065728,"createdAt":"Oct 14, 2016 1:26:56 AM","source":"\u003ca href\u003d\"http://twitter.com\" rel\u003d\"nofollow\"\u003eTwitter Web Client\u003c/a\u003e","favoriteCount":0,"retweetCount":0,"lang":"en","hashTag":"etsy"}
{"id":786740038105116672,"createdAt":"Oct 14, 2016 1:26:56 AM","source":"\u003ca href\u003d\"http://twitter.com/download/android\" rel\u003d\"nofollow\"\u003eTwitter for Android\u003c/a\u003e","favoriteCount":0,"retweetCount":0,"lang":"th","userTimezone":"Novosibirsk","hashTag":"ขอเป็นข้ารองพระบาททุกชาติไป"}
{"id":786740038101065728,"createdAt":"Oct 14, 2016 1:26:56 AM","source":"\u003ca href\u003d\"http://twitter.com\" rel\u003d\"nofollow\"\u003eTwitter Web Client\u003c/a\u003e","favoriteCount":0,"retweetCount":0,"lang":"en","hashTag":"Jewelry"}
{"id":786740038101065728,"createdAt":"Oct 14, 2016 1:26:56 AM","source":"\u003ca href\u003d\"http://twitter.com\" rel\u003d\"nofollow\"\u003eTwitter Web Client\u003c/a\u003e","favoriteCount":0,"retweetCount":0,"lang":"en","hashTag":"BOHO"}
{"id":786740038101065728,"createdAt":"Oct 14, 2016 1:26:56 AM","source":"\u003ca href\u003d\"http://twitter.com\" rel\u003d\"nofollow\"\u003eTwitter Web Client\u003c/a\u003e","favoriteCount":0,"retweetCount":0,"lang":"en","hashTag":"Bohemian"}
{"id":786740038101065728,"createdAt":"Oct 14, 2016 1:26:56 AM","source":"\u003ca href\u003d\"http://twitter.com\" rel\u003d\"nofollow\"\u003eTwitter Web Client\u003c/a\u003e","favoriteCount":0,"retweetCount":0,"lang":"en","hashTag":"Turquoise"}
{"id":786740038101065728,"createdAt":"Oct 14, 2016 1:26:56 AM","source":"\u003ca href\u003d\"http://twitter.com\" rel\u003d\"nofollow\"\u003eTwitter Web Client\u003c/a\u003e","favoriteCount":0,"retweetCount":0,"lang":"en","hashTag":"bracelet"}
{"id":786740038101065728,"createdAt":"Oct 14, 2016 1:26:56 AM","source":"\u003ca href\u003d\"http://twitter.com\" rel\u003d\"nofollow\"\u003eTwitter Web Client\u003c/a\u003e","favoriteCount":0,"retweetCount":0,"lang":"en","hashTag":"etsy"}
{"id":786740038109241344,"createdAt":"Oct 14, 2016 1:26:56 AM","source":"\u003ca href\u003d\"http://www.twitter.com\" rel\u003d\"nofollow\"\u003eTwitter for Windows\u003c/a\u003e","favoriteCount":0,"retweetCount":0,"lang":"en","hashTag":"Supergirl"}
{"id":786740038088298497,"createdAt":"Oct 14, 2016 1:26:56 AM","source":"\u003ca href\u003d\"http://twitter.com/download/iphone\" rel\u003d\"nofollow\"\u003eTwitter for iPhone\u003c/a\u003e","favoriteCount":0,"retweetCount":0,"lang":"en","hashTag":"BIGOLIVE"}
{"id":786740038088298497,"createdAt":"Oct 14, 2016 1:26:56 AM","source":"\u003ca href\u003d\"http://twitter.com/download/iphone\" rel\u003d\"nofollow\"\u003eTwitter for iPhone\u003c/a\u003e","favoriteCount":0,"retweetCount":0,"lang":"en","hashTag":"BIGOLIVE"}
{"id":786740042291085313,"createdAt":"Oct 14, 2016 1:26:57 AM","source":"\u003ca href\u003d\"http://twitter.com/download/android\" rel\u003d\"nofollow\"\u003eTwitter for Android\u003c/a\u003e","favoriteCount":0,"retweetCount":0,"lang":"en","userTimezone":"Brasilia","hashTag":"BadThingsAtMidnight"}
{"id":786740042274263040,"createdAt":"Oct 14, 2016 1:26:57 AM","source":"\u003ca href\u003d\"http://twitter.com/download/android\" rel\u003d\"nofollow\"\u003eTwitter for Android\u003c/a\u003e","favoriteCount":0,"retweetCount":0,"lang":"th","hashTag":"หมอกธุมเกตุ"}
{"id":786740042291085313,"createdAt":"Oct 14, 2016 1:26:57 AM","source":"\u003ca href\u003d\"http://twitter.com/download/android\" rel\u003d\"nofollow\"\u003eTwitter for Android\u003c/a\u003e","favoriteCount":0,"retweetCount":0,"lang":"en","userTimezone":"Brasilia","hashTag":"BadThingsAtMidnight"}
{"id":786740042295312384,"createdAt":"Oct 14, 2016 1:26:57 AM","source":"\u003ca href\u003d\"http://twitter.com\" rel\u003d\"nofollow\"\u003eTwitter Web Client\u003c/a\u003e","favoriteCount":0,"retweetCount":0,"lang":"pt","userTimezone":"Mid-Atlantic","hashTag":"Brasileirão2016"}
{"id":786740042295312384,"createdAt":"Oct 14, 2016 1:26:57 AM","source":"\u003ca href\u003d\"http://twitter.com\" rel\u003d\"nofollow\"\u003eTwitter Web Client\u003c/a\u003e","favoriteCount":0,"retweetCount":0,"lang":"pt","userTimezone":"Mid-Atlantic","hashTag":"GRExCAP"}
{"id":786740042295148544,"createdAt":"Oct 14, 2016 1:26:57 AM","source":"\u003ca href\u003d\"http://twittbot.net/\" rel\u003d\"nofollow\"\u003etwittbot.net\u003c/a\u003e","favoriteCount":0,"retweetCount":0,"lang":"in","userTimezone":"Jakarta","hashTag":"aries"}
{"id":786740042295312384,"createdAt":"Oct 14, 2016 1:26:57 AM","source":"\u003ca href\u003d\"http://twitter.com\" rel\u003d\"nofollow\"\u003eTwitter Web Client\u003c/a\u003e","favoriteCount":0,"retweetCount":0,"lang":"pt","userTimezone":"Mid-Atlantic","hashTag":"Brasileirão2016"}
{"id":786740042295312384,"createdAt":"Oct 14, 2016 1:26:57 AM","source":"\u003ca href\u003d\"http://twitter.com\" rel\u003d\"nofollow\"\u003eTwitter Web Client\u003c/a\u003e","favoriteCount":0,"retweetCount":0,"lang":"pt","userTimezone":"Mid-Atlantic","hashTag":"GRExCAP"}
{"id":786740042295148544,"createdAt":"Oct 14, 2016 1:26:57 AM","source":"\u003ca href\u003d\"http://twittbot.net/\" rel\u003d\"nofollow\"\u003etwittbot.net\u003c/a\u003e","favoriteCount":0,"retweetCount":0,"lang":"in","userTimezone":"Jakarta","hashTag":"aries"}
{"id":786740042270019584,"createdAt":"Oct 14, 2016 1:26:57 AM","source":"\u003ca href\u003d\"http://twitter.com/download/android\" rel\u003d\"nofollow\"\u003eTwitter for Android\u003c/a\u003e","favoriteCount":0,"retweetCount":0,"lang":"en","hashTag":"GodFearingMan"}
{"id":786740042270019584,"createdAt":"Oct 14, 2016 1:26:57 AM","source":"\u003ca href\u003d\"http://twitter.com/download/android\" rel\u003d\"nofollow\"\u003eTwitter for Android\u003c/a\u003e","favoriteCount":0,"retweetCount":0,"lang":"en","hashTag":"TheFall"}
{"id":786740042270019584,"createdAt":"Oct 14, 2016 1:26:57 AM","source":"\u003ca href\u003d\"http://twitter.com/download/android\" rel\u003d\"nofollow\"\u003eTwitter for Android\u003c/a\u003e","favoriteCount":0,"retweetCount":0,"lang":"en","hashTag":"TheChase"}
{"id":786740042270019584,"createdAt":"Oct 14, 2016 1:26:57 AM","source":"\u003ca href\u003d\"http://twitter.com/download/android\" rel\u003d\"nofollow\"\u003eTwitter for Android\u003c/a\u003e","favoriteCount":0,"retweetCount":0,"lang":"en","hashTag":"ThursdayThoughts"}
{"id":786740042274263040,"createdAt":"Oct 14, 2016 1:26:57 AM","source":"\u003ca href\u003d\"http://twitter.com/download/android\" rel\u003d\"nofollow\"\u003eTwitter for Android\u003c/a\u003e","favoriteCount":0,"retweetCount":0,"lang":"th","hashTag":"หมอกธุมเกตุ"}
{"id":786740042270019584,"createdAt":"Oct 14, 2016 1:26:57 AM","source":"\u003ca href\u003d\"http://twitter.com/download/android\" rel\u003d\"nofollow\"\u003eTwitter for Android\u003c/a\u003e","favoriteCount":0,"retweetCount":0,"lang":"en","hashTag":"GodFearingMan"}
{"id":786740042270019584,"createdAt":"Oct 14, 2016 1:26:57 AM","source":"\u003ca href\u003d\"http://twitter.com/download/android\" rel\u003d\"nofollow\"\u003eTwitter for Android\u003c/a\u003e","favoriteCount":0,"retweetCount":0,"lang":"en","hashTag":"TheFall"}
{"id":786740042270019584,"createdAt":"Oct 14, 2016 1:26:57 AM","source":"\u003ca href\u003d\"http://twitter.com/download/android\" rel\u003d\"nofollow\"\u003eTwitter for Android\u003c/a\u003e","favoriteCount":0,"retweetCount":0,"lang":"en","hashTag":"ThursdayThoughts"}
{"id":786740042270019584,"createdAt":"Oct 14, 2016 1:26:57 AM","source":"\u003ca href\u003d\"http://twitter.com/download/android\" rel\u003d\"nofollow\"\u003eTwitter for Android\u003c/a\u003e","favoriteCount":0,"retweetCount":0,"lang":"en","hashTag":"TheChase"}
{"id":786740046472720384,"createdAt":"Oct 14, 2016 1:26:58 AM","source":"\u003ca href\u003d\"http://twitter.com/download/android\" rel\u003d\"nofollow\"\u003eTwitter for Android\u003c/a\u003e","favoriteCount":0,"retweetCount":0,"lang":"und","hashTag":"DeliciousDead"}
{"id":786740046472876032,"createdAt":"Oct 14, 2016 1:26:58 AM","source":"\u003ca href\u003d\"http://twitter.com\" rel\u003d\"nofollow\"\u003eTwitter Web Client\u003c/a\u003e","favoriteCount":0,"retweetCount":0,"lang":"en","hashTag":"Jewelry"}
{"id":786740046472876032,"createdAt":"Oct 14, 2016 1:26:58 AM","source":"\u003ca href\u003d\"http://twitter.com\" rel\u003d\"nofollow\"\u003eTwitter Web Client\u003c/a\u003e","favoriteCount":0,"retweetCount":0,"lang":"en","hashTag":"Bohemian"}
{"id":786740046472876032,"createdAt":"Oct 14, 2016 1:26:58 AM","source":"\u003ca href\u003d\"http://twitter.com\" rel\u003d\"nofollow\"\u003eTwitter Web Client\u003c/a\u003e","favoriteCount":0,"retweetCount":0,"lang":"en","hashTag":"BOHO"}
{"id":786740046472876032,"createdAt":"Oct 14, 2016 1:26:58 AM","source":"\u003ca href\u003d\"http://twitter.com\" rel\u003d\"nofollow\"\u003eTwitter Web Client\u003c/a\u003e","favoriteCount":0,"retweetCount":0,"lang":"en","hashTag":"etsy"}
{"id":786740046472876032,"createdAt":"Oct 14, 2016 1:26:58 AM","source":"\u003ca href\u003d\"http://twitter.com\" rel\u003d\"nofollow\"\u003eTwitter Web Client\u003c/a\u003e","favoriteCount":0,"retweetCount":0,"lang":"en","hashTag":"Turquoise"}
{"id":786740046497972226,"createdAt":"Oct 14, 2016 1:26:58 AM","source":"\u003ca href\u003d\"http://twitter.com/download/android\" rel\u003d\"nofollow\"\u003eTwitter for Android\u003c/a\u003e","favoriteCount":0,"retweetCount":0,"lang":"es","hashTag":"TAURO"}
{"id":786740046472876032,"createdAt":"Oct 14, 2016 1:26:58 AM","source":"\u003ca href\u003d\"http://twitter.com\" rel\u003d\"nofollow\"\u003eTwitter Web Client\u003c/a\u003e","favoriteCount":0,"retweetCount":0,"lang":"en","hashTag":"bracelet"}
{"id":786740046472876032,"createdAt":"Oct 14, 2016 1:26:58 AM","source":"\u003ca href\u003d\"http://twitter.com\" rel\u003d\"nofollow\"\u003eTwitter Web Client\u003c/a\u003e","favoriteCount":0,"retweetCount":0,"lang":"en","hashTag":"Jewelry"}
{"id":786740046472876032,"createdAt":"Oct 14, 2016 1:26:58 AM","source":"\u003ca href\u003d\"http://twitter.com\" rel\u003d\"nofollow\"\u003eTwitter Web Client\u003c/a\u003e","favoriteCount":0,"retweetCount":0,"lang":"en","hashTag":"etsy"}
{"id":786740046472876032,"createdAt":"Oct 14, 2016 1:26:58 AM","source":"\u003ca href\u003d\"http://twitter.com\" rel\u003d\"nofollow\"\u003eTwitter Web Client\u003c/a\u003e","favoriteCount":0,"retweetCount":0,"lang":"en","hashTag":"Bohemian"}
{"id":786740046472876032,"createdAt":"Oct 14, 2016 1:26:58 AM","source":"\u003ca href\u003d\"http://twitter.com\" rel\u003d\"nofollow\"\u003eTwitter Web Client\u003c/a\u003e","favoriteCount":0,"retweetCount":0,"lang":"en","hashTag":"bracelet"}
{"id":786740046472876032,"createdAt":"Oct 14, 2016 1:26:58 AM","source":"\u003ca href\u003d\"http://twitter.com\" rel\u003d\"nofollow\"\u003eTwitter Web Client\u003c/a\u003e","favoriteCount":0,"retweetCount":0,"lang":"en","hashTag":"BOHO"}
{"id":786740046472876032,"createdAt":"Oct 14, 2016 1:26:58 AM","source":"\u003ca href\u003d\"http://twitter.com\" rel\u003d\"nofollow\"\u003eTwitter Web Client\u003c/a\u003e","favoriteCount":0,"retweetCount":0,"lang":"en","hashTag":"Turquoise"}
{"id":786740046497972226,"createdAt":"Oct 14, 2016 1:26:58 AM","source":"\u003ca href\u003d\"http://twitter.com/download/android\" rel\u003d\"nofollow\"\u003eTwitter for Android\u003c/a\u003e","favoriteCount":0,"retweetCount":0,"lang":"es","hashTag":"TAURO"}
{"id":786740046481149952,"createdAt":"Oct 14, 2016 1:26:58 AM","source":"\u003ca href\u003d\"https://twitter.com/osusume_pv_bot\" rel\u003d\"nofollow\"\u003e邦楽ロック動画BOT君\u003c/a\u003e","favoriteCount":0,"retweetCount":0,"lang":"ja","userTimezone":"Irkutsk","hashTag":"jrock"}
{"id":786740046481149952,"createdAt":"Oct 14, 2016 1:26:58 AM","source":"\u003ca href\u003d\"https://twitter.com/osusume_pv_bot\" rel\u003d\"nofollow\"\u003e邦楽ロック動画BOT君\u003c/a\u003e","favoriteCount":0,"retweetCount":0,"lang":"ja","userTimezone":"Irkutsk","hashTag":"邦ロック"}
{"id":786740046481149952,"createdAt":"Oct 14, 2016 1:26:58 AM","source":"\u003ca href\u003d\"https://twitter.com/osusume_pv_bot\" rel\u003d\"nofollow\"\u003e邦楽ロック動画BOT君\u003c/a\u003e","favoriteCount":0,"retweetCount":0,"lang":"ja","userTimezone":"Irkutsk","hashTag":"SiM"}
{"id":786740046481149952,"createdAt":"Oct 14, 2016 1:26:58 AM","source":"\u003ca href\u003d\"https://twitter.com/osusume_pv_bot\" rel\u003d\"nofollow\"\u003e邦楽ロック動画BOT君\u003c/a\u003e","favoriteCount":0,"retweetCount":0,"lang":"ja","userTimezone":"Irkutsk","hashTag":"bot"}
{"id":786740046472720384,"createdAt":"Oct 14, 2016 1:26:58 AM","source":"\u003ca href\u003d\"http://twitter.com/download/android\" rel\u003d\"nofollow\"\u003eTwitter for Android\u003c/a\u003e","favoriteCount":0,"retweetCount":0,"lang":"und","hashTag":"DeliciousDead"}
{"id":786740046481149952,"createdAt":"Oct 14, 2016 1:26:58 AM","source":"\u003ca href\u003d\"https://twitter.com/osusume_pv_bot\" rel\u003d\"nofollow\"\u003e邦楽ロック動画BOT君\u003c/a\u003e","favoriteCount":0,"retweetCount":0,"lang":"ja","userTimezone":"Irkutsk","hashTag":"jrock"}
{"id":786740046481149952,"createdAt":"Oct 14, 2016 1:26:58 AM","source":"\u003ca href\u003d\"https://twitter.com/osusume_pv_bot\" rel\u003d\"nofollow\"\u003e邦楽ロック動画BOT君\u003c/a\u003e","favoriteCount":0,"retweetCount":0,"lang":"ja","userTimezone":"Irkutsk","hashTag":"邦ロック"}
{"id":786740046481149952,"createdAt":"Oct 14, 2016 1:26:58 AM","source":"\u003ca href\u003d\"https://twitter.com/osusume_pv_bot\" rel\u003d\"nofollow\"\u003e邦楽ロック動画BOT君\u003c/a\u003e","favoriteCount":0,"retweetCount":0,"lang":"ja","userTimezone":"Irkutsk","hashTag":"SiM"}
{"id":786740046481149952,"createdAt":"Oct 14, 2016 1:26:58 AM","source":"\u003ca href\u003d\"https://twitter.com/osusume_pv_bot\" rel\u003d\"nofollow\"\u003e邦楽ロック動画BOT君\u003c/a\u003e","favoriteCount":0,"retweetCount":0,"lang":"ja","userTimezone":"Irkutsk","hashTag":"bot"}
{"id":786740050692153344,"createdAt":"Oct 14, 2016 1:26:59 AM","source":"\u003ca href\u003d\"http://twitter.com/download/android\" rel\u003d\"nofollow\"\u003eTwitter for Android\u003c/a\u003e","favoriteCount":0,"retweetCount":0,"lang":"en","userTimezone":"Mexico City","hashTag":"BadThingsAtMidnight"}
{"id":786740050692153344,"createdAt":"Oct 14, 2016 1:26:59 AM","source":"\u003ca href\u003d\"http://twitter.com/download/android\" rel\u003d\"nofollow\"\u003eTwitter for Android\u003c/a\u003e","favoriteCount":0,"retweetCount":0,"lang":"en","userTimezone":"Mexico City","hashTag":"BadThings"}
{"id":786740050679607297,"createdAt":"Oct 14, 2016 1:26:59 AM","source":"\u003ca href\u003d\"https://about.twitter.com/products/tweetdeck\" rel\u003d\"nofollow\"\u003eTweetDeck\u003c/a\u003e","favoriteCount":0,"retweetCount":0,"lang":"en","userTimezone":"Melbourne","hashTag":"ACI2016"}
{"id":786740050692276224,"createdAt":"Oct 14, 2016 1:26:59 AM","source":"\u003ca href\u003d\"http://twitter.com/download/android\" rel\u003d\"nofollow\"\u003eTwitter for Android\u003c/a\u003e","favoriteCount":0,"retweetCount":0,"lang":"en","userTimezone":"Pacific Time (US \u0026 Canada)","hashTag":"BadThingsAtMidnight"}
{"id":786740050692276224,"createdAt":"Oct 14, 2016 1:26:59 AM","source":"\u003ca href\u003d\"http://twitter.com/download/android\" rel\u003d\"nofollow\"\u003eTwitter for Android\u003c/a\u003e","favoriteCount":0,"retweetCount":0,"lang":"en","userTimezone":"Pacific Time (US \u0026 Canada)","hashTag":"BadThingsAtMidnight"}
{"id":786740050692153344,"createdAt":"Oct 14, 2016 1:26:59 AM","source":"\u003ca href\u003d\"http://twitter.com/download/android\" rel\u003d\"nofollow\"\u003eTwitter for Android\u003c/a\u003e","favoriteCount":0,"retweetCount":0,"lang":"en","userTimezone":"Mexico City","hashTag":"BadThingsAtMidnight"}
{"id":786740050692153344,"createdAt":"Oct 14, 2016 1:26:59 AM","source":"\u003ca href\u003d\"http://twitter.com/download/android\" rel\u003d\"nofollow\"\u003eTwitter for Android\u003c/a\u003e","favoriteCount":0,"retweetCount":0,"lang":"en","userTimezone":"Mexico City","hashTag":"BadThings"}
{"id":786740050679599105,"createdAt":"Oct 14, 2016 1:26:59 AM","source":"\u003ca href\u003d\"http://twitter.com/download/android\" rel\u003d\"nofollow\"\u003eTwitter for Android\u003c/a\u003e","favoriteCount":0,"retweetCount":0,"lang":"th","hashTag":"เรารักในหลวง"}
{"id":786740050666979328,"createdAt":"Oct 14, 2016 1:26:59 AM","source":"\u003ca href\u003d\"http://twitter.com/download/android\" rel\u003d\"nofollow\"\u003eTwitter for Android\u003c/a\u003e","favoriteCount":0,"retweetCount":0,"lang":"th","hashTag":"เรารักในหลวง"}
{"id":786740050687959040,"createdAt":"Oct 14, 2016 1:26:59 AM","source":"\u003ca href\u003d\"http://twitter.com/download/iphone\" rel\u003d\"nofollow\"\u003eTwitter for iPhone\u003c/a\u003e","favoriteCount":0,"retweetCount":0,"lang":"en","userTimezone":"Central Time (US \u0026 Canada)","hashTag":"Supernatural"}
{"id":786740050679607297,"createdAt":"Oct 14, 2016 1:26:59 AM","source":"\u003ca href\u003d\"https://about.twitter.com/products/tweetdeck\" rel\u003d\"nofollow\"\u003eTweetDeck\u003c/a\u003e","favoriteCount":0,"retweetCount":0,"lang":"en","userTimezone":"Melbourne","hashTag":"ACI2016"}
{"id":786740050671247360,"createdAt":"Oct 14, 2016 1:26:59 AM","source":"\u003ca href\u003d\"http://twitter.com/download/android\" rel\u003d\"nofollow\"\u003eTwitter for Android\u003c/a\u003e","favoriteCount":0,"retweetCount":0,"lang":"ko","userTimezone":"Pacific Time (US \u0026 Canada)","hashTag":"지민"}
{"id":786740050671247360,"createdAt":"Oct 14, 2016 1:26:59 AM","source":"\u003ca href\u003d\"http://twitter.com/download/android\" rel\u003d\"nofollow\"\u003eTwitter for Android\u003c/a\u003e","favoriteCount":0,"retweetCount":0,"lang":"ko","userTimezone":"Pacific Time (US \u0026 Canada)","hashTag":"JIMIN"}
{"id":786740050671247360,"createdAt":"Oct 14, 2016 1:26:59 AM","source":"\u003ca href\u003d\"http://twitter.com/download/android\" rel\u003d\"nofollow\"\u003eTwitter for Android\u003c/a\u003e","favoriteCount":0,"retweetCount":0,"lang":"ko","userTimezone":"Pacific Time (US \u0026 Canada)","hashTag":"방탄소년단"}
{"id":786740050671247360,"createdAt":"Oct 14, 2016 1:26:59 AM","source":"\u003ca href\u003d\"http://twitter.com/download/android\" rel\u003d\"nofollow\"\u003eTwitter for Android\u003c/a\u003e","favoriteCount":0,"retweetCount":0,"lang":"ko","userTimezone":"Pacific Time (US \u0026 Canada)","hashTag":"BTS"}
{"id":786740050679599105,"createdAt":"Oct 14, 2016 1:26:59 AM","source":"\u003ca href\u003d\"http://twitter.com/download/android\" rel\u003d\"nofollow\"\u003eTwitter for Android\u003c/a\u003e","favoriteCount":0,"retweetCount":0,"lang":"th","hashTag":"เรารักในหลวง"}
{"id":786740050666979328,"createdAt":"Oct 14, 2016 1:26:59 AM","source":"\u003ca href\u003d\"http://twitter.com/download/android\" rel\u003d\"nofollow\"\u003eTwitter for Android\u003c/a\u003e","favoriteCount":0,"retweetCount":0,"lang":"th","hashTag":"เรารักในหลวง"}
{"id":786740050687959040,"createdAt":"Oct 14, 2016 1:26:59 AM","source":"\u003ca href\u003d\"http://twitter.com/download/iphone\" rel\u003d\"nofollow\"\u003eTwitter for iPhone\u003c/a\u003e","favoriteCount":0,"retweetCount":0,"lang":"en","userTimezone":"Central Time (US \u0026 Canada)","hashTag":"Supernatural"}
{"id":786740050671247360,"createdAt":"Oct 14, 2016 1:26:59 AM","source":"\u003ca href\u003d\"http://twitter.com/download/android\" rel\u003d\"nofollow\"\u003eTwitter for Android\u003c/a\u003e","favoriteCount":0,"retweetCount":0,"lang":"ko","userTimezone":"Pacific Time (US \u0026 Canada)","hashTag":"지민"}
{"id":786740050671247360,"createdAt":"Oct 14, 2016 1:26:59 AM","source":"\u003ca href\u003d\"http://twitter.com/download/android\" rel\u003d\"nofollow\"\u003eTwitter for Android\u003c/a\u003e","favoriteCount":0,"retweetCount":0,"lang":"ko","userTimezone":"Pacific Time (US \u0026 Canada)","hashTag":"JIMIN"}
{"id":786740050671247360,"createdAt":"Oct 14, 2016 1:26:59 AM","source":"\u003ca href\u003d\"http://twitter.com/download/android\" rel\u003d\"nofollow\"\u003eTwitter for Android\u003c/a\u003e","favoriteCount":0,"retweetCount":0,"lang":"ko","userTimezone":"Pacific Time (US \u0026 Canada)","hashTag":"방탄소년단"}
{"id":786740050671247360,"createdAt":"Oct 14, 2016 1:26:59 AM","source":"\u003ca href\u003d\"http://twitter.com/download/android\" rel\u003d\"nofollow\"\u003eTwitter for Android\u003c/a\u003e","favoriteCount":0,"retweetCount":0,"lang":"ko","userTimezone":"Pacific Time (US \u0026 Canada)","hashTag":"BTS"}
{"id":786740054865563648,"createdAt":"Oct 14, 2016 1:27:00 AM","source":"\u003ca href\u003d\"http://twitter.com/download/android\" rel\u003d\"nofollow\"\u003eTwitter for Android\u003c/a\u003e","favoriteCount":0,"retweetCount":0,"lang":"es","userTimezone":"Pacific Time (US \u0026 Canada)","hashTag":"HuaweiEnMasaryk"}
{"id":786740054865563648,"createdAt":"Oct 14, 2016 1:27:00 AM","source":"\u003ca href\u003d\"http://twitter.com/download/android\" rel\u003d\"nofollow\"\u003eTwitter for Android\u003c/a\u003e","favoriteCount":0,"retweetCount":0,"lang":"es","userTimezone":"Pacific Time (US \u0026 Canada)","hashTag":"HuaweiEnMasaryk"}
{"id":786740054873903105,"createdAt":"Oct 14, 2016 1:27:00 AM","source":"\u003ca href\u003d\"http://twitter.com/download/android\" rel\u003d\"nofollow\"\u003eTwitter for Android\u003c/a\u003e","favoriteCount":0,"retweetCount":0,"lang":"en","userTimezone":"Beijing","hashTag":"promobpp"}
{"id":786740054853033985,"createdAt":"Oct 14, 2016 1:27:00 AM","source":"\u003ca href\u003d\"http://twitter.com\" rel\u003d\"nofollow\"\u003eTwitter Web Client\u003c/a\u003e","favoriteCount":0,"retweetCount":0,"lang":"en","userTimezone":"America/New_York","hashTag":"MakeYourEscapeSweeps"}
{"id":786740054861369344,"createdAt":"Oct 14, 2016 1:27:00 AM","source":"\u003ca href\u003d\"http://twitter.com/download/android\" rel\u003d\"nofollow\"\u003eTwitter for Android\u003c/a\u003e","favoriteCount":0,"retweetCount":0,"lang":"ko","hashTag":"2RT"}
{"id":786740054861369344,"createdAt":"Oct 14, 2016 1:27:00 AM","source":"\u003ca href\u003d\"http://twitter.com/download/android\" rel\u003d\"nofollow\"\u003eTwitter for Android\u003c/a\u003e","favoriteCount":0,"retweetCount":0,"lang":"ko","hashTag":"5RT"}
{"id":786740054861369344,"createdAt":"Oct 14, 2016 1:27:00 AM","source":"\u003ca href\u003d\"http://twitter.com/download/android\" rel\u003d\"nofollow\"\u003eTwitter for Android\u003c/a\u003e","favoriteCount":0,"retweetCount":0,"lang":"ko","hashTag":"8RT"}
{"id":786740054861369344,"createdAt":"Oct 14, 2016 1:27:00 AM","source":"\u003ca href\u003d\"http://twitter.com/download/android\" rel\u003d\"nofollow\"\u003eTwitter for Android\u003c/a\u003e","favoriteCount":0,"retweetCount":0,"lang":"ko","hashTag":"1RT"}
{"id":786740054861369344,"createdAt":"Oct 14, 2016 1:27:00 AM","source":"\u003ca href\u003d\"http://twitter.com/download/android\" rel\u003d\"nofollow\"\u003eTwitter for Android\u003c/a\u003e","favoriteCount":0,"retweetCount":0,"lang":"ko","hashTag":"4RT"}
{"id":786740054861369344,"createdAt":"Oct 14, 2016 1:27:00 AM","source":"\u003ca href\u003d\"http://twitter.com/download/android\" rel\u003d\"nofollow\"\u003eTwitter for Android\u003c/a\u003e","favoriteCount":0,"retweetCount":0,"lang":"ko","hashTag":"7RT"}
{"id":786740054861369344,"createdAt":"Oct 14, 2016 1:27:00 AM","source":"\u003ca href\u003d\"http://twitter.com/download/android\" rel\u003d\"nofollow\"\u003eTwitter for Android\u003c/a\u003e","favoriteCount":0,"retweetCount":0,"lang":"ko","hashTag":"15RT"}
{"id":786740054861369344,"createdAt":"Oct 14, 2016 1:27:00 AM","source":"\u003ca href\u003d\"http://twitter.com/download/android\" rel\u003d\"nofollow\"\u003eTwitter for Android\u003c/a\u003e","favoriteCount":0,"retweetCount":0,"lang":"ko","hashTag":"3RT"}
{"id":786740054861369344,"createdAt":"Oct 14, 2016 1:27:00 AM","source":"\u003ca href\u003d\"http://twitter.com/download/android\" rel\u003d\"nofollow\"\u003eTwitter for Android\u003c/a\u003e","favoriteCount":0,"retweetCount":0,"lang":"ko","hashTag":"6RT"}
{"id":786740054861369344,"createdAt":"Oct 14, 2016 1:27:00 AM","source":"\u003ca href\u003d\"http://twitter.com/download/android\" rel\u003d\"nofollow\"\u003eTwitter for Android\u003c/a\u003e","favoriteCount":0,"retweetCount":0,"lang":"ko","hashTag":"9RT"}
{"id":786740054853033985,"createdAt":"Oct 14, 2016 1:27:00 AM","source":"\u003ca href\u003d\"http://twitter.com\" rel\u003d\"nofollow\"\u003eTwitter Web Client\u003c/a\u003e","favoriteCount":0,"retweetCount":0,"lang":"en","userTimezone":"America/New_York","hashTag":"MakeYourEscapeSweeps"}
{"id":786740054869716993,"createdAt":"Oct 14, 2016 1:27:00 AM","source":"\u003ca href\u003d\"https://about.twitter.com/products/tweetdeck\" rel\u003d\"nofollow\"\u003eTweetDeck\u003c/a\u003e","favoriteCount":0,"retweetCount":0,"lang":"es","userTimezone":"Mexico City","hashTag":"ATENCION"}
{"id":786740054857179136,"createdAt":"Oct 14, 2016 1:27:00 AM","source":"\u003ca href\u003d\"http://www.apple.com\" rel\u003d\"nofollow\"\u003eiOS\u003c/a\u003e","favoriteCount":0,"retweetCount":0,"lang":"ko","hashTag":"트레크루"}
{"id":786740054873903105,"createdAt":"Oct 14, 2016 1:27:00 AM","source":"\u003ca href\u003d\"http://twitter.com/download/android\" rel\u003d\"nofollow\"\u003eTwitter for Android\u003c/a\u003e","favoriteCount":0,"retweetCount":0,"lang":"en","userTimezone":"Beijing","hashTag":"promobpp"}
{"id":786740054861369344,"createdAt":"Oct 14, 2016 1:27:00 AM","source":"\u003ca href\u003d\"http://twitter.com/download/android\" rel\u003d\"nofollow\"\u003eTwitter for Android\u003c/a\u003e","favoriteCount":0,"retweetCount":0,"lang":"ko","hashTag":"3RT"}
{"id":786740054861369344,"createdAt":"Oct 14, 2016 1:27:00 AM","source":"\u003ca href\u003d\"http://twitter.com/download/android\" rel\u003d\"nofollow\"\u003eTwitter for Android\u003c/a\u003e","favoriteCount":0,"retweetCount":0,"lang":"ko","hashTag":"2RT"}
{"id":786740054861369344,"createdAt":"Oct 14, 2016 1:27:00 AM","source":"\u003ca href\u003d\"http://twitter.com/download/android\" rel\u003d\"nofollow\"\u003eTwitter for Android\u003c/a\u003e","favoriteCount":0,"retweetCount":0,"lang":"ko","hashTag":"5RT"}
{"id":786740054861369344,"createdAt":"Oct 14, 2016 1:27:00 AM","source":"\u003ca href\u003d\"http://twitter.com/download/android\" rel\u003d\"nofollow\"\u003eTwitter for Android\u003c/a\u003e","favoriteCount":0,"retweetCount":0,"lang":"ko","hashTag":"1RT"}
{"id":786740054861369344,"createdAt":"Oct 14, 2016 1:27:00 AM","source":"\u003ca href\u003d\"http://twitter.com/download/android\" rel\u003d\"nofollow\"\u003eTwitter for Android\u003c/a\u003e","favoriteCount":0,"retweetCount":0,"lang":"ko","hashTag":"4RT"}
{"id":786740054861369344,"createdAt":"Oct 14, 2016 1:27:00 AM","source":"\u003ca href\u003d\"http://twitter.com/download/android\" rel\u003d\"nofollow\"\u003eTwitter for Android\u003c/a\u003e","favoriteCount":0,"retweetCount":0,"lang":"ko","hashTag":"7RT"}
{"id":786740054861369344,"createdAt":"Oct 14, 2016 1:27:00 AM","source":"\u003ca href\u003d\"http://twitter.com/download/android\" rel\u003d\"nofollow\"\u003eTwitter for Android\u003c/a\u003e","favoriteCount":0,"retweetCount":0,"lang":"ko","hashTag":"15RT"}
{"id":786740054861369344,"createdAt":"Oct 14, 2016 1:27:00 AM","source":"\u003ca href\u003d\"http://twitter.com/download/android\" rel\u003d\"nofollow\"\u003eTwitter for Android\u003c/a\u003e","favoriteCount":0,"retweetCount":0,"lang":"ko","hashTag":"8RT"}
{"id":786740054861369344,"createdAt":"Oct 14, 2016 1:27:00 AM","source":"\u003ca href\u003d\"http://twitter.com/download/android\" rel\u003d\"nofollow\"\u003eTwitter for Android\u003c/a\u003e","favoriteCount":0,"retweetCount":0,"lang":"ko","hashTag":"6RT"}
{"id":786740054861369344,"createdAt":"Oct 14, 2016 1:27:00 AM","source":"\u003ca href\u003d\"http://twitter.com/download/android\" rel\u003d\"nofollow\"\u003eTwitter for Android\u003c/a\u003e","favoriteCount":0,"retweetCount":0,"lang":"ko","hashTag":"9RT"}
{"id":786740054857179136,"createdAt":"Oct 14, 2016 1:27:00 AM","source":"\u003ca href\u003d\"http://www.apple.com\" rel\u003d\"nofollow\"\u003eiOS\u003c/a\u003e","favoriteCount":0,"retweetCount":0,"lang":"ko","hashTag":"트레크루"}
{"id":786740054869716993,"createdAt":"Oct 14, 2016 1:27:00 AM","source":"\u003ca href\u003d\"https://about.twitter.com/products/tweetdeck\" rel\u003d\"nofollow\"\u003eTweetDeck\u003c/a\u003e","favoriteCount":0,"retweetCount":0,"lang":"es","userTimezone":"Mexico City","hashTag":"ATENCION"}
{"id":786740059055722496,"createdAt":"Oct 14, 2016 1:27:01 AM","source":"\u003ca href\u003d\"http://twitter.com\" rel\u003d\"nofollow\"\u003eTwitter Web Client\u003c/a\u003e","favoriteCount":0,"retweetCount":0,"lang":"en","hashTag":"twittermarketing"}
{"id":786740059085148160,"createdAt":"Oct 14, 2016 1:27:01 AM","source":"\u003ca href\u003d\"http://twitter.com/download/android\" rel\u003d\"nofollow\"\u003eTwitter for Android\u003c/a\u003e","favoriteCount":0,"retweetCount":0,"lang":"en","hashTag":"jimmystarshow"}
{"id":786740059085148160,"createdAt":"Oct 14, 2016 1:27:01 AM","source":"\u003ca href\u003d\"http://twitter.com/download/android\" rel\u003d\"nofollow\"\u003eTwitter for Android\u003c/a\u003e","favoriteCount":0,"retweetCount":0,"lang":"en","hashTag":"ROKU"}
{"id":786740059055599617,"createdAt":"Oct 14, 2016 1:27:01 AM","source":"\u003ca href\u003d\"http://twitter.com\" rel\u003d\"nofollow\"\u003eTwitter Web Client\u003c/a\u003e","favoriteCount":0,"retweetCount":0,"lang":"ko","hashTag":"사설토토사이트추천"}
{"id":786740059055599617,"createdAt":"Oct 14, 2016 1:27:01 AM","source":"\u003ca href\u003d\"http://twitter.com\" rel\u003d\"nofollow\"\u003eTwitter Web Client\u003c/a\u003e","favoriteCount":0,"retweetCount":0,"lang":"ko","hashTag":"사설토토추천사이트"}
{"id":786740059085148160,"createdAt":"Oct 14, 2016 1:27:01 AM","source":"\u003ca href\u003d\"http://twitter.com/download/android\" rel\u003d\"nofollow\"\u003eTwitter for Android\u003c/a\u003e","favoriteCount":0,"retweetCount":0,"lang":"en","hashTag":"jimmystarshow"}
{"id":786740059085148160,"createdAt":"Oct 14, 2016 1:27:01 AM","source":"\u003ca href\u003d\"http://twitter.com/download/android\" rel\u003d\"nofollow\"\u003eTwitter for Android\u003c/a\u003e","favoriteCount":0,"retweetCount":0,"lang":"en","hashTag":"ROKU"}
{"id":786740059047399424,"createdAt":"Oct 14, 2016 1:27:01 AM","source":"\u003ca href\u003d\"http://ifttt.com\" rel\u003d\"nofollow\"\u003eIFTTT\u003c/a\u003e","favoriteCount":0,"retweetCount":0,"lang":"und","hashTag":"KCAArgentina"}
{"id":786740059047399424,"createdAt":"Oct 14, 2016 1:27:01 AM","source":"\u003ca href\u003d\"http://ifttt.com\" rel\u003d\"nofollow\"\u003eIFTTT\u003c/a\u003e","favoriteCount":0,"retweetCount":0,"lang":"und","hashTag":"UltimateCalum"}
{"id":786740059047399424,"createdAt":"Oct 14, 2016 1:27:01 AM","source":"\u003ca href\u003d\"http://ifttt.com\" rel\u003d\"nofollow\"\u003eIFTTT\u003c/a\u003e","favoriteCount":0,"retweetCount":0,"lang":"und","hashTag":"5SOS"}
{"id":786740059059974144,"createdAt":"Oct 14, 2016 1:27:01 AM","source":"\u003ca href\u003d\"http://vnatrc.net\" rel\u003d\"nofollow\"\u003eCatenaBot\u003c/a\u003e","favoriteCount":0,"retweetCount":0,"lang":"tl","userTimezone":"Amsterdam","hashTag":"artistiques"}
{"id":786740059055722496,"createdAt":"Oct 14, 2016 1:27:01 AM","source":"\u003ca href\u003d\"http://twitter.com\" rel\u003d\"nofollow\"\u003eTwitter Web Client\u003c/a\u003e","favoriteCount":0,"retweetCount":0,"lang":"en","hashTag":"twittermarketing"}
{"id":786740059059974144,"createdAt":"Oct 14, 2016 1:27:01 AM","source":"\u003ca href\u003d\"http://vnatrc.net\" rel\u003d\"nofollow\"\u003eCatenaBot\u003c/a\u003e","favoriteCount":0,"retweetCount":0,"lang":"tl","userTimezone":"Amsterdam","hashTag":"artistiques"}
{"id":786740059047399424,"createdAt":"Oct 14, 2016 1:27:01 AM","source":"\u003ca href\u003d\"http://ifttt.com\" rel\u003d\"nofollow\"\u003eIFTTT\u003c/a\u003e","favoriteCount":0,"retweetCount":0,"lang":"und","hashTag":"UltimateCalum"}
{"id":786740059047399424,"createdAt":"Oct 14, 2016 1:27:01 AM","source":"\u003ca href\u003d\"http://ifttt.com\" rel\u003d\"nofollow\"\u003eIFTTT\u003c/a\u003e","favoriteCount":0,"retweetCount":0,"lang":"und","hashTag":"KCAArgentina"}
{"id":786740059047399424,"createdAt":"Oct 14, 2016 1:27:01 AM","source":"\u003ca href\u003d\"http://ifttt.com\" rel\u003d\"nofollow\"\u003eIFTTT\u003c/a\u003e","favoriteCount":0,"retweetCount":0,"lang":"und","hashTag":"5SOS"}
{"id":786740059076558848,"createdAt":"Oct 14, 2016 1:27:01 AM","source":"\u003ca href\u003d\"http://twitter.com\" rel\u003d\"nofollow\"\u003eTwitter Web Client\u003c/a\u003e","favoriteCount":0,"retweetCount":0,"lang":"en","hashTag":"poll"}
{"id":786740059076558848,"createdAt":"Oct 14, 2016 1:27:01 AM","source":"\u003ca href\u003d\"http://twitter.com\" rel\u003d\"nofollow\"\u003eTwitter Web Client\u003c/a\u003e","favoriteCount":0,"retweetCount":0,"lang":"en","hashTag":"Ohio"}
{"id":786740059076558848,"createdAt":"Oct 14, 2016 1:27:01 AM","source":"\u003ca href\u003d\"http://twitter.com\" rel\u003d\"nofollow\"\u003eTwitter Web Client\u003c/a\u003e","favoriteCount":0,"retweetCount":0,"lang":"en","hashTag":"Ohio"}
{"id":786740059076558848,"createdAt":"Oct 14, 2016 1:27:01 AM","source":"\u003ca href\u003d\"http://twitter.com\" rel\u003d\"nofollow\"\u003eTwitter Web Client\u003c/a\u003e","favoriteCount":0,"retweetCount":0,"lang":"en","hashTag":"poll"}
{"id":786740059051483136,"createdAt":"Oct 14, 2016 1:27:01 AM","source":"\u003ca href\u003d\"http://derby.pzga.jp\" rel\u003d\"nofollow\"\u003epuzzleDerby\u003c/a\u003e","favoriteCount":0,"retweetCount":0,"lang":"ja","userTimezone":"Tokyo","hashTag":"パズダビ"}
{"id":786740059055599617,"createdAt":"Oct 14, 2016 1:27:01 AM","source":"\u003ca href\u003d\"http://twitter.com\" rel\u003d\"nofollow\"\u003eTwitter Web Client\u003c/a\u003e","favoriteCount":0,"retweetCount":0,"lang":"ko","hashTag":"사설토토추천사이트"}
{"id":786740059055599617,"createdAt":"Oct 14, 2016 1:27:01 AM","source":"\u003ca href\u003d\"http://twitter.com\" rel\u003d\"nofollow\"\u003eTwitter Web Client\u003c/a\u003e","favoriteCount":0,"retweetCount":0,"lang":"ko","hashTag":"사설토토사이트추천"}
{"id":786740059051483136,"createdAt":"Oct 14, 2016 1:27:01 AM","source":"\u003ca href\u003d\"http://derby.pzga.jp\" rel\u003d\"nofollow\"\u003epuzzleDerby\u003c/a\u003e","favoriteCount":0,"retweetCount":0,"lang":"ja","userTimezone":"Tokyo","hashTag":"パズダビ"}
{"id":786740063270948864,"createdAt":"Oct 14, 2016 1:27:02 AM","source":"\u003ca href\u003d\"http://twitter.com/download/android\" rel\u003d\"nofollow\"\u003eTwitter for Android\u003c/a\u003e","favoriteCount":0,"retweetCount":0,"lang":"en","userTimezone":"Hanoi","hashTag":"Thailand"}
{"id":786740063262547969,"createdAt":"Oct 14, 2016 1:27:02 AM","source":"\u003ca href\u003d\"http://twitter.com/download/android\" rel\u003d\"nofollow\"\u003eTwitter for Android\u003c/a\u003e","favoriteCount":0,"retweetCount":0,"lang":"en","userTimezone":"Mountain Time (US \u0026 Canada)","hashTag":"BadThingsAtMidnight"}
{"id":786740063279341568,"createdAt":"Oct 14, 2016 1:27:02 AM","source":"\u003ca href\u003d\"http://twitter.com/download/android\" rel\u003d\"nofollow\"\u003eTwitter for Android\u003c/a\u003e","favoriteCount":0,"retweetCount":0,"lang":"th","hashTag":"ขอเป็นข้ารองบาททุกชาติไป"}
{"id":786740063279341568,"createdAt":"Oct 14, 2016 1:27:02 AM","source":"\u003ca href\u003d\"http://twitter.com/download/android\" rel\u003d\"nofollow\"\u003eTwitter for Android\u003c/a\u003e","favoriteCount":0,"retweetCount":0,"lang":"th","hashTag":"LongLiveTheKing"}
{"id":786740063258288128,"createdAt":"Oct 14, 2016 1:27:02 AM","source":"\u003ca href\u003d\"http://twitter.com/download/android\" rel\u003d\"nofollow\"\u003eTwitter for Android\u003c/a\u003e","favoriteCount":0,"retweetCount":0,"lang":"th","hashTag":"เรารักในหลวง"}
{"id":786740063258288128,"createdAt":"Oct 14, 2016 1:27:02 AM","source":"\u003ca href\u003d\"http://twitter.com/download/android\" rel\u003d\"nofollow\"\u003eTwitter for Android\u003c/a\u003e","favoriteCount":0,"retweetCount":0,"lang":"th","hashTag":"อ่านไปยิ้มไป"}
{"id":786740063270948864,"createdAt":"Oct 14, 2016 1:27:02 AM","source":"\u003ca href\u003d\"http://twitter.com/download/android\" rel\u003d\"nofollow\"\u003eTwitter for Android\u003c/a\u003e","favoriteCount":0,"retweetCount":0,"lang":"en","userTimezone":"Hanoi","hashTag":"Thailand"}
{"id":786740063262547969,"createdAt":"Oct 14, 2016 1:27:02 AM","source":"\u003ca href\u003d\"http://twitter.com/download/android\" rel\u003d\"nofollow\"\u003eTwitter for Android\u003c/a\u003e","favoriteCount":0,"retweetCount":0,"lang":"en","userTimezone":"Mountain Time (US \u0026 Canada)","hashTag":"BadThingsAtMidnight"}
{"id":786740063266672641,"createdAt":"Oct 14, 2016 1:27:02 AM","source":"\u003ca href\u003d\"http://twitter.com/download/iphone\" rel\u003d\"nofollow\"\u003eTwitter for iPhone\u003c/a\u003e","favoriteCount":0,"retweetCount":0,"lang":"und","hashTag":"WeAreGleeson"}
{"id":786740063266672641,"createdAt":"Oct 14, 2016 1:27:02 AM","source":"\u003ca href\u003d\"http://twitter.com/download/iphone\" rel\u003d\"nofollow\"\u003eTwitter for iPhone\u003c/a\u003e","favoriteCount":0,"retweetCount":0,"lang":"und","hashTag":"JeSuisGleeson"}
{"id":786740063266672641,"createdAt":"Oct 14, 2016 1:27:02 AM","source":"\u003ca href\u003d\"http://twitter.com/download/iphone\" rel\u003d\"nofollow\"\u003eTwitter for iPhone\u003c/a\u003e","favoriteCount":0,"retweetCount":0,"lang":"und","hashTag":"ResignBrandis"}
{"id":786740063266672641,"createdAt":"Oct 14, 2016 1:27:02 AM","source":"\u003ca href\u003d\"http://twitter.com/download/iphone\" rel\u003d\"nofollow\"\u003eTwitter for iPhone\u003c/a\u003e","favoriteCount":0,"retweetCount":0,"lang":"und","hashTag":"IStandWithGleeson"}
{"id":786740063266672641,"createdAt":"Oct 14, 2016 1:27:02 AM","source":"\u003ca href\u003d\"http://twitter.com/download/iphone\" rel\u003d\"nofollow\"\u003eTwitter for iPhone\u003c/a\u003e","favoriteCount":0,"retweetCount":0,"lang":"und","hashTag":"NoToFascistBogot"}
{"id":786740063250112512,"createdAt":"Oct 14, 2016 1:27:02 AM","source":"\u003ca href\u003d\"http://twitter.com/TTmobile_\" rel\u003d\"nofollow\"\u003emyttmobile\u003c/a\u003e","favoriteCount":0,"retweetCount":0,"lang":"ht","userTimezone":"Athens","hashTag":"GAA2017"}
{"id":786740063250112512,"createdAt":"Oct 14, 2016 1:27:02 AM","source":"\u003ca href\u003d\"http://twitter.com/TTmobile_\" rel\u003d\"nofollow\"\u003emyttmobile\u003c/a\u003e","favoriteCount":0,"retweetCount":0,"lang":"ht","userTimezone":"Athens","hashTag":"AllStars2"}
{"id":786740063250112512,"createdAt":"Oct 14, 2016 1:27:02 AM","source":"\u003ca href\u003d\"http://twitter.com/TTmobile_\" rel\u003d\"nofollow\"\u003emyttmobile\u003c/a\u003e","favoriteCount":0,"retweetCount":0,"lang":"ht","userTimezone":"Athens","hashTag":"TheApprentice"}
{"id":786740063250112512,"createdAt":"Oct 14, 2016 1:27:02 AM","source":"\u003ca href\u003d\"http://twitter.com/TTmobile_\" rel\u003d\"nofollow\"\u003emyttmobile\u003c/a\u003e","favoriteCount":0,"retweetCount":0,"lang":"ht","userTimezone":"Athens","hashTag":"Worlds"}
{"id":786740063250112512,"createdAt":"Oct 14, 2016 1:27:02 AM","source":"\u003ca href\u003d\"http://twitter.com/TTmobile_\" rel\u003d\"nofollow\"\u003emyttmobile\u003c/a\u003e","favoriteCount":0,"retweetCount":0,"lang":"ht","userTimezone":"Athens","hashTag":"JedwardHologram"}
{"id":786740063258279936,"createdAt":"Oct 14, 2016 1:27:02 AM","source":"\u003ca href\u003d\"http://www.rakuten.co.jp/\" rel\u003d\"nofollow\"\u003eRakuten,Inc.\u003c/a\u003e","favoriteCount":0,"retweetCount":0,"lang":"ja","userTimezone":"Pacific Time (US \u0026 Canada)","hashTag":"r_blog"}
{"id":786740063279341568,"createdAt":"Oct 14, 2016 1:27:02 AM","source":"\u003ca href\u003d\"http://twitter.com/download/android\" rel\u003d\"nofollow\"\u003eTwitter for Android\u003c/a\u003e","favoriteCount":0,"retweetCount":0,"lang":"th","hashTag":"LongLiveTheKing"}
{"id":786740063279341568,"createdAt":"Oct 14, 2016 1:27:02 AM","source":"\u003ca href\u003d\"http://twitter.com/download/android\" rel\u003d\"nofollow\"\u003eTwitter for Android\u003c/a\u003e","favoriteCount":0,"retweetCount":0,"lang":"th","hashTag":"ขอเป็นข้ารองบาททุกชาติไป"}
{"id":786740063250112512,"createdAt":"Oct 14, 2016 1:27:02 AM","source":"\u003ca href\u003d\"http://twitter.com/TTmobile_\" rel\u003d\"nofollow\"\u003emyttmobile\u003c/a\u003e","favoriteCount":0,"retweetCount":0,"lang":"ht","userTimezone":"Athens","hashTag":"JedwardHologram"}
{"id":786740063250112512,"createdAt":"Oct 14, 2016 1:27:02 AM","source":"\u003ca href\u003d\"http://twitter.com/TTmobile_\" rel\u003d\"nofollow\"\u003emyttmobile\u003c/a\u003e","favoriteCount":0,"retweetCount":0,"lang":"ht","userTimezone":"Athens","hashTag":"AllStars2"}
{"id":786740063250112512,"createdAt":"Oct 14, 2016 1:27:02 AM","source":"\u003ca href\u003d\"http://twitter.com/TTmobile_\" rel\u003d\"nofollow\"\u003emyttmobile\u003c/a\u003e","favoriteCount":0,"retweetCount":0,"lang":"ht","userTimezone":"Athens","hashTag":"Worlds"}
{"id":786740063250112512,"createdAt":"Oct 14, 2016 1:27:02 AM","source":"\u003ca href\u003d\"http://twitter.com/TTmobile_\" rel\u003d\"nofollow\"\u003emyttmobile\u003c/a\u003e","favoriteCount":0,"retweetCount":0,"lang":"ht","userTimezone":"Athens","hashTag":"GAA2017"}
{"id":786740063250112512,"createdAt":"Oct 14, 2016 1:27:02 AM","source":"\u003ca href\u003d\"http://twitter.com/TTmobile_\" rel\u003d\"nofollow\"\u003emyttmobile\u003c/a\u003e","favoriteCount":0,"retweetCount":0,"lang":"ht","userTimezone":"Athens","hashTag":"TheApprentice"}
{"id":786740063258288128,"createdAt":"Oct 14, 2016 1:27:02 AM","source":"\u003ca href\u003d\"http://twitter.com/download/android\" rel\u003d\"nofollow\"\u003eTwitter for Android\u003c/a\u003e","favoriteCount":0,"retweetCount":0,"lang":"th","hashTag":"เรารักในหลวง"}
{"id":786740063258288128,"createdAt":"Oct 14, 2016 1:27:02 AM","source":"\u003ca href\u003d\"http://twitter.com/download/android\" rel\u003d\"nofollow\"\u003eTwitter for Android\u003c/a\u003e","favoriteCount":0,"retweetCount":0,"lang":"th","hashTag":"อ่านไปยิ้มไป"}
{"id":786740063266672641,"createdAt":"Oct 14, 2016 1:27:02 AM","source":"\u003ca href\u003d\"http://twitter.com/download/iphone\" rel\u003d\"nofollow\"\u003eTwitter for iPhone\u003c/a\u003e","favoriteCount":0,"retweetCount":0,"lang":"und","hashTag":"JeSuisGleeson"}
{"id":786740063266672641,"createdAt":"Oct 14, 2016 1:27:02 AM","source":"\u003ca href\u003d\"http://twitter.com/download/iphone\" rel\u003d\"nofollow\"\u003eTwitter for iPhone\u003c/a\u003e","favoriteCount":0,"retweetCount":0,"lang":"und","hashTag":"WeAreGleeson"}
{"id":786740063266672641,"createdAt":"Oct 14, 2016 1:27:02 AM","source":"\u003ca href\u003d\"http://twitter.com/download/iphone\" rel\u003d\"nofollow\"\u003eTwitter for iPhone\u003c/a\u003e","favoriteCount":0,"retweetCount":0,"lang":"und","hashTag":"IStandWithGleeson"}
{"id":786740063266672641,"createdAt":"Oct 14, 2016 1:27:02 AM","source":"\u003ca href\u003d\"http://twitter.com/download/iphone\" rel\u003d\"nofollow\"\u003eTwitter for iPhone\u003c/a\u003e","favoriteCount":0,"retweetCount":0,"lang":"und","hashTag":"NoToFascistBogot"}
{"id":786740063266672641,"createdAt":"Oct 14, 2016 1:27:02 AM","source":"\u003ca href\u003d\"http://twitter.com/download/iphone\" rel\u003d\"nofollow\"\u003eTwitter for iPhone\u003c/a\u003e","favoriteCount":0,"retweetCount":0,"lang":"und","hashTag":"ResignBrandis"}
{"id":786740063258279936,"createdAt":"Oct 14, 2016 1:27:02 AM","source":"\u003ca href\u003d\"http://www.rakuten.co.jp/\" rel\u003d\"nofollow\"\u003eRakuten,Inc.\u003c/a\u003e","favoriteCount":0,"retweetCount":0,"lang":"ja","userTimezone":"Pacific Time (US \u0026 Canada)","hashTag":"r_blog"}
{"id":786740067440013312,"createdAt":"Oct 14, 2016 1:27:03 AM","source":"\u003ca href\u003d\"http://twitterfeed.com\" rel\u003d\"nofollow\"\u003etwitterfeed\u003c/a\u003e","favoriteCount":0,"retweetCount":0,"lang":"en","userTimezone":"Ljubljana","hashTag":"filmphotography"}
{"id":786740067435999232,"createdAt":"Oct 14, 2016 1:27:03 AM","source":"\u003ca href\u003d\"http://twitter.com/download/iphone\" rel\u003d\"nofollow\"\u003eTwitter for iPhone\u003c/a\u003e","favoriteCount":0,"retweetCount":0,"lang":"pt","hashTag":"FLUxFLA"}
{"id":786740067465179136,"createdAt":"Oct 14, 2016 1:27:03 AM","source":"\u003ca href\u003d\"http://twitter.com/download/iphone\" rel\u003d\"nofollow\"\u003eTwitter for iPhone\u003c/a\u003e","favoriteCount":0,"retweetCount":0,"lang":"ja","userTimezone":"Irkutsk","hashTag":"ryuzy"}
{"id":786740067465179136,"createdAt":"Oct 14, 2016 1:27:03 AM","source":"\u003ca href\u003d\"http://twitter.com/download/iphone\" rel\u003d\"nofollow\"\u003eTwitter for iPhone\u003c/a\u003e","favoriteCount":0,"retweetCount":0,"lang":"ja","userTimezone":"Irkutsk","hashTag":"flash"}
{"id":786740067465179136,"createdAt":"Oct 14, 2016 1:27:03 AM","source":"\u003ca href\u003d\"http://twitter.com/download/iphone\" rel\u003d\"nofollow\"\u003eTwitter for iPhone\u003c/a\u003e","favoriteCount":0,"retweetCount":0,"lang":"ja","userTimezone":"Irkutsk","hashTag":"Kite"}
{"id":786740067465179136,"createdAt":"Oct 14, 2016 1:27:03 AM","source":"\u003ca href\u003d\"http://twitter.com/download/iphone\" rel\u003d\"nofollow\"\u003eTwitter for iPhone\u003c/a\u003e","favoriteCount":0,"retweetCount":0,"lang":"ja","userTimezone":"Irkutsk","hashTag":"dance"}
{"id":786740067465179136,"createdAt":"Oct 14, 2016 1:27:03 AM","source":"\u003ca href\u003d\"http://twitter.com/download/iphone\" rel\u003d\"nofollow\"\u003eTwitter for iPhone\u003c/a\u003e","favoriteCount":0,"retweetCount":0,"lang":"ja","userTimezone":"Irkutsk","hashTag":"boogaloo"}
{"id":786740067435999232,"createdAt":"Oct 14, 2016 1:27:03 AM","source":"\u003ca href\u003d\"http://twitter.com/download/iphone\" rel\u003d\"nofollow\"\u003eTwitter for iPhone\u003c/a\u003e","favoriteCount":0,"retweetCount":0,"lang":"pt","hashTag":"FLUxFLA"}
{"id":786740067440013312,"createdAt":"Oct 14, 2016 1:27:03 AM","source":"\u003ca href\u003d\"http://twitterfeed.com\" rel\u003d\"nofollow\"\u003etwitterfeed\u003c/a\u003e","favoriteCount":0,"retweetCount":0,"lang":"en","userTimezone":"Ljubljana","hashTag":"filmphotography"}
{"id":786740067465179136,"createdAt":"Oct 14, 2016 1:27:03 AM","source":"\u003ca href\u003d\"http://twitter.com/download/iphone\" rel\u003d\"nofollow\"\u003eTwitter for iPhone\u003c/a\u003e","favoriteCount":0,"retweetCount":0,"lang":"ja","userTimezone":"Irkutsk","hashTag":"flash"}
{"id":786740067465179136,"createdAt":"Oct 14, 2016 1:27:03 AM","source":"\u003ca href\u003d\"http://twitter.com/download/iphone\" rel\u003d\"nofollow\"\u003eTwitter for iPhone\u003c/a\u003e","favoriteCount":0,"retweetCount":0,"lang":"ja","userTimezone":"Irkutsk","hashTag":"ryuzy"}
{"id":786740067465179136,"createdAt":"Oct 14, 2016 1:27:03 AM","source":"\u003ca href\u003d\"http://twitter.com/download/iphone\" rel\u003d\"nofollow\"\u003eTwitter for iPhone\u003c/a\u003e","favoriteCount":0,"retweetCount":0,"lang":"ja","userTimezone":"Irkutsk","hashTag":"Kite"}
{"id":786740067465179136,"createdAt":"Oct 14, 2016 1:27:03 AM","source":"\u003ca href\u003d\"http://twitter.com/download/iphone\" rel\u003d\"nofollow\"\u003eTwitter for iPhone\u003c/a\u003e","favoriteCount":0,"retweetCount":0,"lang":"ja","userTimezone":"Irkutsk","hashTag":"dance"}
{"id":786740067465179136,"createdAt":"Oct 14, 2016 1:27:03 AM","source":"\u003ca href\u003d\"http://twitter.com/download/iphone\" rel\u003d\"nofollow\"\u003eTwitter for iPhone\u003c/a\u003e","favoriteCount":0,"retweetCount":0,"lang":"ja","userTimezone":"Irkutsk","hashTag":"boogaloo"}
{"id":786740067456815104,"createdAt":"Oct 14, 2016 1:27:03 AM","source":"\u003ca href\u003d\"https://twitter.com/affiliater100\" rel\u003d\"nofollow\"\u003eaffiliater100_app\u003c/a\u003e","favoriteCount":0,"retweetCount":0,"lang":"ja","userTimezone":"Irkutsk","hashTag":"RakutenIchiba"}
